<?xml version="1.0" encoding="UTF-8"?>
<coverage generated="1642455863353" clover="3.2.0">
  <project timestamp="1642455863354" name="All files">
    <metrics statements="344" coveredstatements="321" conditionals="164" coveredconditionals="153" methods="128" coveredmethods="110" elements="636" coveredelements="584" complexity="0" loc="344" ncloc="344" packages="7" files="22" classes="22">
      <package name="api">
        <metrics statements="1" coveredstatements="1" conditionals="0" coveredconditionals="0" methods="0" coveredmethods="0"/>
        <file name="knexfile.js" path="C:\Users\migue\Desktop\Escola\2ª Ano\Projeto\Tech4You-backend\api\knexfile.js">
          <metrics statements="1" coveredstatements="1" conditionals="0" coveredconditionals="0" methods="0" coveredmethods="0"/>
          <line num="1" count="9" type="stmt"/>
        </file>
      </package>
      <package name="api.src">
        <metrics statements="23" coveredstatements="19" conditionals="4" coveredconditionals="1" methods="2" coveredmethods="2"/>
        <file name="app.js" path="C:\Users\migue\Desktop\Escola\2ª Ano\Projeto\Tech4You-backend\api\src\app.js">
          <metrics statements="23" coveredstatements="19" conditionals="4" coveredconditionals="1" methods="2" coveredmethods="2"/>
          <line num="1" count="9" type="stmt"/>
          <line num="2" count="9" type="stmt"/>
          <line num="3" count="9" type="stmt"/>
          <line num="4" count="9" type="stmt"/>
          <line num="5" count="9" type="stmt"/>
          <line num="6" count="9" type="stmt"/>
          <line num="8" count="9" type="stmt"/>
          <line num="11" count="9" type="stmt"/>
          <line num="13" count="9" type="stmt"/>
          <line num="28" count="9" type="stmt"/>
          <line num="40" count="9" type="stmt"/>
          <line num="48" count="9" type="stmt"/>
          <line num="49" count="1" type="stmt"/>
          <line num="50" count="1" type="stmt"/>
          <line num="53" count="9" type="stmt"/>
          <line num="54" count="62" type="stmt"/>
          <line num="55" count="62" type="cond" truecount="1" falsecount="1"/>
          <line num="56" count="0" type="cond" truecount="0" falsecount="2"/>
          <line num="58" count="0" type="stmt"/>
          <line num="59" count="0" type="stmt"/>
          <line num="60" count="0" type="stmt"/>
          <line num="62" count="62" type="stmt"/>
          <line num="65" count="9" type="stmt"/>
        </file>
      </package>
      <package name="api.src.config">
        <metrics statements="31" coveredstatements="29" conditionals="2" coveredconditionals="1" methods="7" coveredmethods="6"/>
        <file name="middlewares.js" path="C:\Users\migue\Desktop\Escola\2ª Ano\Projeto\Tech4You-backend\api\src\config\middlewares.js">
          <metrics statements="3" coveredstatements="3" conditionals="0" coveredconditionals="0" methods="1" coveredmethods="1"/>
          <line num="1" count="9" type="stmt"/>
          <line num="3" count="9" type="stmt"/>
          <line num="4" count="9" type="stmt"/>
        </file>
        <file name="passport.js" path="C:\Users\migue\Desktop\Escola\2ª Ano\Projeto\Tech4You-backend\api\src\config\passport.js">
          <metrics statements="14" coveredstatements="12" conditionals="2" coveredconditionals="1" methods="5" coveredmethods="4"/>
          <line num="1" count="9" type="stmt"/>
          <line num="2" count="9" type="stmt"/>
          <line num="4" count="9" type="stmt"/>
          <line num="6" count="9" type="stmt"/>
          <line num="8" count="9" type="stmt"/>
          <line num="9" count="9" type="stmt"/>
          <line num="14" count="9" type="stmt"/>
          <line num="15" count="74" type="stmt"/>
          <line num="17" count="74" type="cond" truecount="1" falsecount="1"/>
          <line num="18" count="0" type="stmt"/>
          <line num="20" count="0" type="stmt"/>
          <line num="23" count="9" type="stmt"/>
          <line num="25" count="9" type="stmt"/>
          <line num="26" count="9" type="stmt"/>
        </file>
        <file name="router.js" path="C:\Users\migue\Desktop\Escola\2ª Ano\Projeto\Tech4You-backend\api\src\config\router.js">
          <metrics statements="14" coveredstatements="14" conditionals="0" coveredconditionals="0" methods="1" coveredmethods="1"/>
          <line num="1" count="9" type="stmt"/>
          <line num="3" count="9" type="stmt"/>
          <line num="4" count="9" type="stmt"/>
          <line num="6" count="9" type="stmt"/>
          <line num="7" count="9" type="stmt"/>
          <line num="9" count="9" type="stmt"/>
          <line num="10" count="9" type="stmt"/>
          <line num="11" count="9" type="stmt"/>
          <line num="12" count="9" type="stmt"/>
          <line num="14" count="9" type="stmt"/>
          <line num="15" count="9" type="stmt"/>
          <line num="16" count="9" type="stmt"/>
          <line num="18" count="9" type="stmt"/>
          <line num="19" count="9" type="stmt"/>
        </file>
      </package>
      <package name="api.src.errors">
        <metrics statements="3" coveredstatements="3" conditionals="0" coveredconditionals="0" methods="1" coveredmethods="1"/>
        <file name="validationError.js" path="C:\Users\migue\Desktop\Escola\2ª Ano\Projeto\Tech4You-backend\api\src\errors\validationError.js">
          <metrics statements="3" coveredstatements="3" conditionals="0" coveredconditionals="0" methods="1" coveredmethods="1"/>
          <line num="1" count="9" type="stmt"/>
          <line num="2" count="62" type="stmt"/>
          <line num="3" count="62" type="stmt"/>
        </file>
      </package>
      <package name="api.src.routes">
        <metrics statements="143" coveredstatements="126" conditionals="4" coveredconditionals="4" methods="79" coveredmethods="62"/>
        <file name="auths.js" path="C:\Users\migue\Desktop\Escola\2ª Ano\Projeto\Tech4You-backend\api\src\routes\auths.js">
          <metrics statements="22" coveredstatements="22" conditionals="4" coveredconditionals="4" methods="5" coveredmethods="5"/>
          <line num="1" count="9" type="stmt"/>
          <line num="2" count="9" type="stmt"/>
          <line num="3" count="9" type="stmt"/>
          <line num="4" count="9" type="stmt"/>
          <line num="6" count="9" type="stmt"/>
          <line num="8" count="9" type="stmt"/>
          <line num="9" count="9" type="stmt"/>
          <line num="11" count="9" type="stmt"/>
          <line num="12" count="3" type="stmt"/>
          <line num="14" count="3" type="cond" truecount="2" falsecount="0"/>
          <line num="15" count="2" type="cond" truecount="2" falsecount="0"/>
          <line num="16" count="1" type="stmt"/>
          <line num="23" count="1" type="stmt"/>
          <line num="24" count="1" type="stmt"/>
          <line num="25" count="1" type="stmt"/>
          <line num="26" count="2" type="stmt"/>
          <line num="29" count="9" type="stmt"/>
          <line num="30" count="8" type="stmt"/>
          <line num="31" count="8" type="stmt"/>
          <line num="32" count="2" type="stmt"/>
          <line num="34" count="6" type="stmt"/>
          <line num="38" count="9" type="stmt"/>
        </file>
        <file name="clients.js" path="C:\Users\migue\Desktop\Escola\2ª Ano\Projeto\Tech4You-backend\api\src\routes\clients.js">
          <metrics statements="25" coveredstatements="22" conditionals="0" coveredconditionals="0" methods="14" coveredmethods="11"/>
          <line num="1" count="9" type="stmt"/>
          <line num="3" count="9" type="stmt"/>
          <line num="4" count="9" type="stmt"/>
          <line num="6" count="9" type="stmt"/>
          <line num="7" count="1" type="stmt"/>
          <line num="8" count="1" type="stmt"/>
          <line num="9" count="0" type="stmt"/>
          <line num="12" count="9" type="stmt"/>
          <line num="13" count="9" type="stmt"/>
          <line num="14" count="9" type="stmt"/>
          <line num="15" count="1" type="stmt"/>
          <line num="17" count="8" type="stmt"/>
          <line num="21" count="9" type="stmt"/>
          <line num="22" count="1" type="stmt"/>
          <line num="23" count="1" type="stmt"/>
          <line num="24" count="0" type="stmt"/>
          <line num="27" count="9" type="stmt"/>
          <line num="28" count="7" type="stmt"/>
          <line num="29" count="1" type="stmt"/>
          <line num="30" count="6" type="stmt"/>
          <line num="33" count="9" type="stmt"/>
          <line num="34" count="1" type="stmt"/>
          <line num="35" count="1" type="stmt"/>
          <line num="36" count="0" type="stmt"/>
          <line num="39" count="9" type="stmt"/>
        </file>
        <file name="equipments.js" path="C:\Users\migue\Desktop\Escola\2ª Ano\Projeto\Tech4You-backend\api\src\routes\equipments.js">
          <metrics statements="24" coveredstatements="21" conditionals="0" coveredconditionals="0" methods="16" coveredmethods="13"/>
          <line num="1" count="9" type="stmt"/>
          <line num="3" count="9" type="stmt"/>
          <line num="4" count="9" type="stmt"/>
          <line num="6" count="9" type="stmt"/>
          <line num="7" count="9" type="stmt"/>
          <line num="9" count="1" type="stmt"/>
          <line num="11" count="8" type="stmt"/>
          <line num="15" count="9" type="stmt"/>
          <line num="16" count="1" type="stmt"/>
          <line num="17" count="1" type="stmt"/>
          <line num="18" count="0" type="stmt"/>
          <line num="21" count="9" type="stmt"/>
          <line num="22" count="1" type="stmt"/>
          <line num="23" count="1" type="stmt"/>
          <line num="24" count="0" type="stmt"/>
          <line num="27" count="9" type="stmt"/>
          <line num="28" count="8" type="stmt"/>
          <line num="29" count="1" type="stmt"/>
          <line num="30" count="7" type="stmt"/>
          <line num="33" count="9" type="stmt"/>
          <line num="34" count="1" type="stmt"/>
          <line num="35" count="1" type="stmt"/>
          <line num="36" count="0" type="stmt"/>
          <line num="39" count="9" type="stmt"/>
        </file>
        <file name="publicClients.js" path="C:\Users\migue\Desktop\Escola\2ª Ano\Projeto\Tech4You-backend\api\src\routes\publicClients.js">
          <metrics statements="8" coveredstatements="7" conditionals="0" coveredconditionals="0" methods="4" coveredmethods="3"/>
          <line num="1" count="9" type="stmt"/>
          <line num="3" count="9" type="stmt"/>
          <line num="4" count="9" type="stmt"/>
          <line num="6" count="9" type="stmt"/>
          <line num="7" count="1" type="stmt"/>
          <line num="8" count="1" type="stmt"/>
          <line num="9" count="0" type="stmt"/>
          <line num="12" count="9" type="stmt"/>
        </file>
        <file name="publicEquipamentos.js" path="C:\Users\migue\Desktop\Escola\2ª Ano\Projeto\Tech4You-backend\api\src\routes\publicEquipamentos.js">
          <metrics statements="8" coveredstatements="7" conditionals="0" coveredconditionals="0" methods="4" coveredmethods="3"/>
          <line num="1" count="9" type="stmt"/>
          <line num="3" count="9" type="stmt"/>
          <line num="4" count="9" type="stmt"/>
          <line num="6" count="9" type="stmt"/>
          <line num="7" count="1" type="stmt"/>
          <line num="8" count="1" type="stmt"/>
          <line num="9" count="0" type="stmt"/>
          <line num="12" count="9" type="stmt"/>
        </file>
        <file name="publicServices.js" path="C:\Users\migue\Desktop\Escola\2ª Ano\Projeto\Tech4You-backend\api\src\routes\publicServices.js">
          <metrics statements="8" coveredstatements="7" conditionals="0" coveredconditionals="0" methods="4" coveredmethods="3"/>
          <line num="1" count="9" type="stmt"/>
          <line num="3" count="9" type="stmt"/>
          <line num="4" count="9" type="stmt"/>
          <line num="6" count="9" type="stmt"/>
          <line num="7" count="1" type="stmt"/>
          <line num="8" count="1" type="stmt"/>
          <line num="9" count="0" type="stmt"/>
          <line num="12" count="9" type="stmt"/>
        </file>
        <file name="services.js" path="C:\Users\migue\Desktop\Escola\2ª Ano\Projeto\Tech4You-backend\api\src\routes\services.js">
          <metrics statements="24" coveredstatements="20" conditionals="0" coveredconditionals="0" methods="16" coveredmethods="12"/>
          <line num="1" count="9" type="stmt"/>
          <line num="3" count="9" type="stmt"/>
          <line num="4" count="9" type="stmt"/>
          <line num="6" count="9" type="stmt"/>
          <line num="7" count="11" type="stmt"/>
          <line num="9" count="1" type="stmt"/>
          <line num="11" count="10" type="stmt"/>
          <line num="15" count="9" type="stmt"/>
          <line num="16" count="1" type="stmt"/>
          <line num="17" count="1" type="stmt"/>
          <line num="18" count="0" type="stmt"/>
          <line num="21" count="9" type="stmt"/>
          <line num="22" count="1" type="stmt"/>
          <line num="23" count="1" type="stmt"/>
          <line num="24" count="0" type="stmt"/>
          <line num="27" count="9" type="stmt"/>
          <line num="28" count="11" type="stmt"/>
          <line num="29" count="1" type="stmt"/>
          <line num="30" count="0" type="stmt"/>
          <line num="33" count="9" type="stmt"/>
          <line num="34" count="1" type="stmt"/>
          <line num="35" count="1" type="stmt"/>
          <line num="36" count="0" type="stmt"/>
          <line num="39" count="9" type="stmt"/>
        </file>
        <file name="technicians.js" path="C:\Users\migue\Desktop\Escola\2ª Ano\Projeto\Tech4You-backend\api\src\routes\technicians.js">
          <metrics statements="24" coveredstatements="20" conditionals="0" coveredconditionals="0" methods="16" coveredmethods="12"/>
          <line num="1" count="9" type="stmt"/>
          <line num="3" count="9" type="stmt"/>
          <line num="4" count="9" type="stmt"/>
          <line num="6" count="9" type="stmt"/>
          <line num="7" count="1" type="stmt"/>
          <line num="8" count="1" type="stmt"/>
          <line num="9" count="0" type="stmt"/>
          <line num="12" count="9" type="stmt"/>
          <line num="13" count="1" type="stmt"/>
          <line num="15" count="1" type="stmt"/>
          <line num="17" count="0" type="stmt"/>
          <line num="21" count="9" type="stmt"/>
          <line num="22" count="1" type="stmt"/>
          <line num="23" count="1" type="stmt"/>
          <line num="24" count="0" type="stmt"/>
          <line num="27" count="9" type="stmt"/>
          <line num="28" count="6" type="stmt"/>
          <line num="29" count="1" type="stmt"/>
          <line num="30" count="5" type="stmt"/>
          <line num="33" count="9" type="stmt"/>
          <line num="34" count="1" type="stmt"/>
          <line num="35" count="1" type="stmt"/>
          <line num="36" count="0" type="stmt"/>
          <line num="39" count="9" type="stmt"/>
        </file>
      </package>
      <package name="api.src.seeds">
        <metrics statements="9" coveredstatements="9" conditionals="0" coveredconditionals="0" methods="8" coveredmethods="8"/>
        <file name="services.js" path="C:\Users\migue\Desktop\Escola\2ª Ano\Projeto\Tech4You-backend\api\src\seeds\services.js">
          <metrics statements="9" coveredstatements="9" conditionals="0" coveredconditionals="0" methods="8" coveredmethods="8"/>
          <line num="1" count="4" type="stmt"/>
          <line num="2" count="4" type="stmt"/>
          <line num="3" count="4" type="stmt"/>
          <line num="4" count="4" type="stmt"/>
          <line num="5" count="4" type="stmt"/>
          <line num="6" count="4" type="stmt"/>
          <line num="14" count="4" type="stmt"/>
          <line num="22" count="4" type="stmt"/>
          <line num="30" count="4" type="stmt"/>
        </file>
      </package>
      <package name="api.src.services">
        <metrics statements="134" coveredstatements="134" conditionals="154" coveredconditionals="147" methods="31" coveredmethods="31"/>
        <file name="client.js" path="C:\Users\migue\Desktop\Escola\2ª Ano\Projeto\Tech4You-backend\api\src\services\client.js">
          <metrics statements="29" coveredstatements="29" conditionals="34" coveredconditionals="33" methods="6" coveredmethods="6"/>
          <line num="1" count="9" type="stmt"/>
          <line num="3" count="9" type="stmt"/>
          <line num="4" count="9" type="cond" truecount="1" falsecount="0"/>
          <line num="5" count="6" type="stmt"/>
          <line num="8" count="9" type="cond" truecount="0" falsecount="1"/>
          <line num="9" count="1" type="stmt"/>
          <line num="12" count="9" type="stmt"/>
          <line num="13" count="9" type="cond" truecount="2" falsecount="0"/>
          <line num="14" count="8" type="cond" truecount="2" falsecount="0"/>
          <line num="15" count="7" type="cond" truecount="2" falsecount="0"/>
          <line num="16" count="6" type="cond" truecount="2" falsecount="0"/>
          <line num="17" count="5" type="cond" truecount="2" falsecount="0"/>
          <line num="18" count="4" type="cond" truecount="2" falsecount="0"/>
          <line num="20" count="3" type="stmt"/>
          <line num="21" count="3" type="cond" truecount="4" falsecount="0"/>
          <line num="23" count="2" type="stmt"/>
          <line num="24" count="2" type="cond" truecount="4" falsecount="0"/>
          <line num="26" count="1" type="stmt"/>
          <line num="29" count="9" type="stmt"/>
          <line num="30" count="7" type="cond" truecount="2" falsecount="0"/>
          <line num="31" count="6" type="cond" truecount="2" falsecount="0"/>
          <line num="32" count="5" type="cond" truecount="2" falsecount="0"/>
          <line num="33" count="4" type="cond" truecount="2" falsecount="0"/>
          <line num="34" count="3" type="cond" truecount="2" falsecount="0"/>
          <line num="35" count="2" type="cond" truecount="2" falsecount="0"/>
          <line num="37" count="1" type="stmt"/>
          <line num="42" count="9" type="stmt"/>
          <line num="43" count="1" type="stmt"/>
          <line num="48" count="9" type="stmt"/>
        </file>
        <file name="equipment.js" path="C:\Users\migue\Desktop\Escola\2ª Ano\Projeto\Tech4You-backend\api\src\services\equipment.js">
          <metrics statements="29" coveredstatements="29" conditionals="46" coveredconditionals="45" methods="6" coveredmethods="6"/>
          <line num="1" count="9" type="stmt"/>
          <line num="3" count="9" type="stmt"/>
          <line num="4" count="9" type="cond" truecount="1" falsecount="0"/>
          <line num="5" count="1" type="stmt"/>
          <line num="8" count="9" type="cond" truecount="0" falsecount="1"/>
          <line num="9" count="3" type="stmt"/>
          <line num="12" count="9" type="stmt"/>
          <line num="13" count="9" type="cond" truecount="2" falsecount="0"/>
          <line num="14" count="8" type="cond" truecount="2" falsecount="0"/>
          <line num="15" count="7" type="cond" truecount="2" falsecount="0"/>
          <line num="16" count="6" type="cond" truecount="2" falsecount="0"/>
          <line num="17" count="5" type="cond" truecount="2" falsecount="0"/>
          <line num="18" count="4" type="cond" truecount="2" falsecount="0"/>
          <line num="19" count="3" type="cond" truecount="9" falsecount="0"/>
          <line num="21" count="2" type="stmt"/>
          <line num="22" count="2" type="cond" truecount="2" falsecount="0"/>
          <line num="24" count="1" type="stmt"/>
          <line num="27" count="9" type="stmt"/>
          <line num="28" count="8" type="cond" truecount="2" falsecount="0"/>
          <line num="29" count="7" type="cond" truecount="2" falsecount="0"/>
          <line num="30" count="6" type="cond" truecount="2" falsecount="0"/>
          <line num="31" count="5" type="cond" truecount="2" falsecount="0"/>
          <line num="32" count="4" type="cond" truecount="2" falsecount="0"/>
          <line num="33" count="3" type="cond" truecount="2" falsecount="0"/>
          <line num="34" count="2" type="cond" truecount="9" falsecount="0"/>
          <line num="36" count="1" type="stmt"/>
          <line num="41" count="9" type="stmt"/>
          <line num="42" count="1" type="stmt"/>
          <line num="47" count="9" type="stmt"/>
        </file>
        <file name="publicClient.js" path="C:\Users\migue\Desktop\Escola\2ª Ano\Projeto\Tech4You-backend\api\src\services\publicClient.js">
          <metrics statements="4" coveredstatements="4" conditionals="1" coveredconditionals="0" methods="2" coveredmethods="2"/>
          <line num="1" count="9" type="stmt"/>
          <line num="2" count="9" type="cond" truecount="0" falsecount="1"/>
          <line num="3" count="1" type="stmt"/>
          <line num="6" count="9" type="stmt"/>
        </file>
        <file name="publicEquipamento.js" path="C:\Users\migue\Desktop\Escola\2ª Ano\Projeto\Tech4You-backend\api\src\services\publicEquipamento.js">
          <metrics statements="4" coveredstatements="4" conditionals="1" coveredconditionals="0" methods="2" coveredmethods="2"/>
          <line num="1" count="9" type="stmt"/>
          <line num="2" count="9" type="cond" truecount="0" falsecount="1"/>
          <line num="3" count="1" type="stmt"/>
          <line num="6" count="9" type="stmt"/>
        </file>
        <file name="publicService.js" path="C:\Users\migue\Desktop\Escola\2ª Ano\Projeto\Tech4You-backend\api\src\services\publicService.js">
          <metrics statements="4" coveredstatements="4" conditionals="1" coveredconditionals="0" methods="2" coveredmethods="2"/>
          <line num="1" count="9" type="stmt"/>
          <line num="2" count="9" type="cond" truecount="0" falsecount="1"/>
          <line num="3" count="1" type="stmt"/>
          <line num="6" count="9" type="stmt"/>
        </file>
        <file name="service.js" path="C:\Users\migue\Desktop\Escola\2ª Ano\Projeto\Tech4You-backend\api\src\services\service.js">
          <metrics statements="33" coveredstatements="33" conditionals="47" coveredconditionals="46" methods="6" coveredmethods="6"/>
          <line num="1" count="9" type="stmt"/>
          <line num="3" count="9" type="stmt"/>
          <line num="4" count="9" type="cond" truecount="0" falsecount="1"/>
          <line num="5" count="1" type="stmt"/>
          <line num="8" count="9" type="stmt"/>
          <line num="9" count="11" type="cond" truecount="2" falsecount="0"/>
          <line num="10" count="10" type="cond" truecount="2" falsecount="0"/>
          <line num="11" count="9" type="cond" truecount="2" falsecount="0"/>
          <line num="12" count="8" type="cond" truecount="2" falsecount="0"/>
          <line num="13" count="7" type="cond" truecount="2" falsecount="0"/>
          <line num="14" count="6" type="cond" truecount="2" falsecount="0"/>
          <line num="15" count="5" type="cond" truecount="2" falsecount="0"/>
          <line num="16" count="4" type="cond" truecount="2" falsecount="0"/>
          <line num="17" count="3" type="cond" truecount="2" falsecount="0"/>
          <line num="18" count="2" type="cond" truecount="5" falsecount="0"/>
          <line num="20" count="1" type="stmt"/>
          <line num="23" count="9" type="stmt"/>
          <line num="24" count="1" type="stmt"/>
          <line num="27" count="9" type="stmt"/>
          <line num="28" count="11" type="cond" truecount="2" falsecount="0"/>
          <line num="29" count="10" type="cond" truecount="2" falsecount="0"/>
          <line num="30" count="9" type="cond" truecount="2" falsecount="0"/>
          <line num="31" count="8" type="cond" truecount="2" falsecount="0"/>
          <line num="32" count="7" type="cond" truecount="2" falsecount="0"/>
          <line num="33" count="6" type="cond" truecount="2" falsecount="0"/>
          <line num="34" count="5" type="cond" truecount="2" falsecount="0"/>
          <line num="35" count="4" type="cond" truecount="2" falsecount="0"/>
          <line num="36" count="3" type="cond" truecount="2" falsecount="0"/>
          <line num="37" count="2" type="cond" truecount="5" falsecount="0"/>
          <line num="39" count="1" type="stmt"/>
          <line num="44" count="9" type="stmt"/>
          <line num="45" count="1" type="stmt"/>
          <line num="50" count="9" type="stmt"/>
        </file>
        <file name="technician.js" path="C:\Users\migue\Desktop\Escola\2ª Ano\Projeto\Tech4You-backend\api\src\services\technician.js">
          <metrics statements="31" coveredstatements="31" conditionals="24" coveredconditionals="23" methods="7" coveredmethods="7"/>
          <line num="1" count="9" type="stmt"/>
          <line num="2" count="9" type="stmt"/>
          <line num="4" count="9" type="stmt"/>
          <line num="5" count="9" type="cond" truecount="1" falsecount="0"/>
          <line num="6" count="1" type="stmt"/>
          <line num="9" count="9" type="cond" truecount="0" falsecount="1"/>
          <line num="10" count="85" type="stmt"/>
          <line num="13" count="9" type="stmt"/>
          <line num="14" count="5" type="stmt"/>
          <line num="15" count="5" type="stmt"/>
          <line num="18" count="9" type="stmt"/>
          <line num="19" count="11" type="cond" truecount="2" falsecount="0"/>
          <line num="20" count="10" type="cond" truecount="2" falsecount="0"/>
          <line num="21" count="9" type="cond" truecount="2" falsecount="0"/>
          <line num="22" count="8" type="cond" truecount="2" falsecount="0"/>
          <line num="23" count="7" type="cond" truecount="2" falsecount="0"/>
          <line num="25" count="6" type="stmt"/>
          <line num="26" count="6" type="cond" truecount="2" falsecount="0"/>
          <line num="28" count="5" type="stmt"/>
          <line num="29" count="5" type="stmt"/>
          <line num="30" count="5" type="stmt"/>
          <line num="33" count="9" type="stmt"/>
          <line num="34" count="6" type="cond" truecount="2" falsecount="0"/>
          <line num="35" count="5" type="cond" truecount="2" falsecount="0"/>
          <line num="36" count="4" type="cond" truecount="2" falsecount="0"/>
          <line num="37" count="3" type="cond" truecount="2" falsecount="0"/>
          <line num="38" count="2" type="cond" truecount="2" falsecount="0"/>
          <line num="40" count="1" type="stmt"/>
          <line num="45" count="9" type="stmt"/>
          <line num="46" count="1" type="stmt"/>
          <line num="51" count="9" type="stmt"/>
        </file>
      </package>
    </metrics>
  </project>
</coverage>
