{"C:\\Users\\ferma\\Dropbox\\My PC (LAPTOP-OQG2DRPV)\\Desktop\\Clone\\Tech4You-backend\\api\\knexfile.js": {"path":"C:\\Users\\ferma\\Dropbox\\My PC (LAPTOP-OQG2DRPV)\\Desktop\\Clone\\Tech4You-backend\\api\\knexfile.js","statementMap":{"0":{"start":{"line":1,"column":0},"end":{"line":44,"column":2}}},"fnMap":{},"branchMap":{},"s":{"0":9},"f":{},"b":{},"_coverageSchema":"332fd63041d2c1bcb487cc26dd0d5f7d97098a6c","hash":"96dc4cf81f494b892e252f47432b404b5a277c7c"}
,"C:\\Users\\ferma\\Dropbox\\My PC (LAPTOP-OQG2DRPV)\\Desktop\\Clone\\Tech4You-backend\\api\\src\\app.js": {"path":"C:\\Users\\ferma\\Dropbox\\My PC (LAPTOP-OQG2DRPV)\\Desktop\\Clone\\Tech4You-backend\\api\\src\\app.js","statementMap":{"0":{"start":{"line":1,"column":12},"end":{"line":1,"column":32}},"1":{"start":{"line":2,"column":16},"end":{"line":2,"column":34}},"2":{"start":{"line":3,"column":13},"end":{"line":3,"column":28}},"3":{"start":{"line":4,"column":13},"end":{"line":4,"column":28}},"4":{"start":{"line":5,"column":16},"end":{"line":5,"column":34}},"5":{"start":{"line":6,"column":13},"end":{"line":6,"column":30}},"6":{"start":{"line":8,"column":17},"end":{"line":8,"column":39}},"7":{"start":{"line":11,"column":0},"end":{"line":11,"column":29}},"8":{"start":{"line":13,"column":0},"end":{"line":13,"column":16}},"9":{"start":{"line":21,"column":0},"end":{"line":31,"column":3}},"10":{"start":{"line":33,"column":0},"end":{"line":39,"column":13}},"11":{"start":{"line":41,"column":0},"end":{"line":44,"column":3}},"12":{"start":{"line":42,"column":2},"end":{"line":42,"column":35}},"13":{"start":{"line":43,"column":2},"end":{"line":43,"column":25}},"14":{"start":{"line":46,"column":0},"end":{"line":56,"column":3}},"15":{"start":{"line":47,"column":35},"end":{"line":47,"column":38}},"16":{"start":{"line":48,"column":2},"end":{"line":54,"column":3}},"17":{"start":{"line":48,"column":34},"end":{"line":48,"column":75}},"18":{"start":{"line":49,"column":7},"end":{"line":54,"column":3}},"19":{"start":{"line":49,"column":38},"end":{"line":49,"column":79}},"20":{"start":{"line":51,"column":15},"end":{"line":51,"column":21}},"21":{"start":{"line":52,"column":4},"end":{"line":52,"column":40}},"22":{"start":{"line":53,"column":4},"end":{"line":53,"column":60}},"23":{"start":{"line":55,"column":2},"end":{"line":55,"column":12}},"24":{"start":{"line":58,"column":0},"end":{"line":58,"column":21}}},"fnMap":{"0":{"name":"(anonymous_0)","decl":{"start":{"line":41,"column":13},"end":{"line":41,"column":14}},"loc":{"start":{"line":41,"column":27},"end":{"line":44,"column":1}},"line":41},"1":{"name":"(anonymous_1)","decl":{"start":{"line":46,"column":8},"end":{"line":46,"column":9}},"loc":{"start":{"line":46,"column":33},"end":{"line":56,"column":1}},"line":46}},"branchMap":{"0":{"loc":{"start":{"line":48,"column":2},"end":{"line":54,"column":3}},"type":"if","locations":[{"start":{"line":48,"column":2},"end":{"line":54,"column":3}},{"start":{"line":48,"column":2},"end":{"line":54,"column":3}}],"line":48},"1":{"loc":{"start":{"line":49,"column":7},"end":{"line":54,"column":3}},"type":"if","locations":[{"start":{"line":49,"column":7},"end":{"line":54,"column":3}},{"start":{"line":49,"column":7},"end":{"line":54,"column":3}}],"line":49}},"s":{"0":9,"1":9,"2":9,"3":9,"4":9,"5":9,"6":9,"7":9,"8":9,"9":9,"10":9,"11":9,"12":1,"13":1,"14":9,"15":62,"16":62,"17":62,"18":0,"19":0,"20":0,"21":0,"22":0,"23":62,"24":9},"f":{"0":1,"1":62},"b":{"0":[62,0],"1":[0,0]},"_coverageSchema":"332fd63041d2c1bcb487cc26dd0d5f7d97098a6c","hash":"1de60d06464998b8fa993584d2924eb75e4a12aa"}
,"C:\\Users\\ferma\\Dropbox\\My PC (LAPTOP-OQG2DRPV)\\Desktop\\Clone\\Tech4You-backend\\api\\src\\config\\middlewares.js": {"path":"C:\\Users\\ferma\\Dropbox\\My PC (LAPTOP-OQG2DRPV)\\Desktop\\Clone\\Tech4You-backend\\api\\src\\config\\middlewares.js","statementMap":{"0":{"start":{"line":1,"column":19},"end":{"line":1,"column":41}},"1":{"start":{"line":3,"column":0},"end":{"line":5,"column":2}},"2":{"start":{"line":4,"column":2},"end":{"line":4,"column":29}}},"fnMap":{"0":{"name":"(anonymous_0)","decl":{"start":{"line":3,"column":17},"end":{"line":3,"column":18}},"loc":{"start":{"line":3,"column":26},"end":{"line":5,"column":1}},"line":3}},"branchMap":{},"s":{"0":9,"1":9,"2":9},"f":{"0":9},"b":{},"_coverageSchema":"332fd63041d2c1bcb487cc26dd0d5f7d97098a6c","hash":"d82dc22661dc33fcf891953d579546868a3d0aaa"}
,"C:\\Users\\ferma\\Dropbox\\My PC (LAPTOP-OQG2DRPV)\\Desktop\\Clone\\Tech4You-backend\\api\\src\\config\\passport.js": {"path":"C:\\Users\\ferma\\Dropbox\\My PC (LAPTOP-OQG2DRPV)\\Desktop\\Clone\\Tech4You-backend\\api\\src\\config\\passport.js","statementMap":{"0":{"start":{"line":1,"column":17},"end":{"line":1,"column":36}},"1":{"start":{"line":2,"column":20},"end":{"line":2,"column":43}},"2":{"start":{"line":4,"column":15},"end":{"line":4,"column":30}},"3":{"start":{"line":6,"column":33},"end":{"line":6,"column":44}},"4":{"start":{"line":8,"column":0},"end":{"line":28,"column":2}},"5":{"start":{"line":9,"column":17},"end":{"line":12,"column":3}},"6":{"start":{"line":14,"column":19},"end":{"line":21,"column":4}},"7":{"start":{"line":15,"column":4},"end":{"line":20,"column":40}},"8":{"start":{"line":17,"column":8},"end":{"line":18,"column":31}},"9":{"start":{"line":17,"column":24},"end":{"line":17,"column":51}},"10":{"start":{"line":18,"column":13},"end":{"line":18,"column":31}},"11":{"start":{"line":20,"column":22},"end":{"line":20,"column":38}},"12":{"start":{"line":23,"column":2},"end":{"line":23,"column":25}},"13":{"start":{"line":25,"column":2},"end":{"line":27,"column":4}},"14":{"start":{"line":26,"column":24},"end":{"line":26,"column":72}}},"fnMap":{"0":{"name":"(anonymous_0)","decl":{"start":{"line":8,"column":17},"end":{"line":8,"column":18}},"loc":{"start":{"line":8,"column":26},"end":{"line":28,"column":1}},"line":8},"1":{"name":"(anonymous_1)","decl":{"start":{"line":14,"column":40},"end":{"line":14,"column":41}},"loc":{"start":{"line":14,"column":59},"end":{"line":21,"column":3}},"line":14},"2":{"name":"(anonymous_2)","decl":{"start":{"line":16,"column":12},"end":{"line":16,"column":13}},"loc":{"start":{"line":16,"column":28},"end":{"line":19,"column":7}},"line":16},"3":{"name":"(anonymous_3)","decl":{"start":{"line":20,"column":13},"end":{"line":20,"column":14}},"loc":{"start":{"line":20,"column":22},"end":{"line":20,"column":38}},"line":20},"4":{"name":"(anonymous_4)","decl":{"start":{"line":26,"column":18},"end":{"line":26,"column":19}},"loc":{"start":{"line":26,"column":24},"end":{"line":26,"column":72}},"line":26}},"branchMap":{"0":{"loc":{"start":{"line":17,"column":8},"end":{"line":18,"column":31}},"type":"if","locations":[{"start":{"line":17,"column":8},"end":{"line":18,"column":31}},{"start":{"line":17,"column":8},"end":{"line":18,"column":31}}],"line":17}},"s":{"0":9,"1":9,"2":9,"3":9,"4":9,"5":9,"6":9,"7":73,"8":73,"9":73,"10":0,"11":0,"12":9,"13":9,"14":9},"f":{"0":9,"1":73,"2":73,"3":0,"4":9},"b":{"0":[73,0]},"_coverageSchema":"332fd63041d2c1bcb487cc26dd0d5f7d97098a6c","hash":"465b706208b7663017afddbd618f8778f8f1eac1"}
,"C:\\Users\\ferma\\Dropbox\\My PC (LAPTOP-OQG2DRPV)\\Desktop\\Clone\\Tech4You-backend\\api\\src\\config\\router.js": {"path":"C:\\Users\\ferma\\Dropbox\\My PC (LAPTOP-OQG2DRPV)\\Desktop\\Clone\\Tech4You-backend\\api\\src\\config\\router.js","statementMap":{"0":{"start":{"line":1,"column":16},"end":{"line":1,"column":34}},"1":{"start":{"line":3,"column":0},"end":{"line":20,"column":2}},"2":{"start":{"line":4,"column":2},"end":{"line":4,"column":37}},"3":{"start":{"line":6,"column":24},"end":{"line":6,"column":40}},"4":{"start":{"line":7,"column":23},"end":{"line":7,"column":39}},"5":{"start":{"line":9,"column":2},"end":{"line":9,"column":60}},"6":{"start":{"line":10,"column":2},"end":{"line":10,"column":54}},"7":{"start":{"line":11,"column":2},"end":{"line":11,"column":52}},"8":{"start":{"line":12,"column":2},"end":{"line":12,"column":58}},"9":{"start":{"line":14,"column":2},"end":{"line":14,"column":63}},"10":{"start":{"line":15,"column":2},"end":{"line":15,"column":65}},"11":{"start":{"line":16,"column":2},"end":{"line":16,"column":73}},"12":{"start":{"line":18,"column":2},"end":{"line":18,"column":68}},"13":{"start":{"line":19,"column":2},"end":{"line":19,"column":35}}},"fnMap":{"0":{"name":"(anonymous_0)","decl":{"start":{"line":3,"column":17},"end":{"line":3,"column":18}},"loc":{"start":{"line":3,"column":26},"end":{"line":20,"column":1}},"line":3}},"branchMap":{},"s":{"0":9,"1":9,"2":9,"3":9,"4":9,"5":9,"6":9,"7":9,"8":9,"9":9,"10":9,"11":9,"12":9,"13":9},"f":{"0":9},"b":{},"_coverageSchema":"332fd63041d2c1bcb487cc26dd0d5f7d97098a6c","hash":"89dbce3b5624976f1e9ad6e55037cd41f09ccc7d"}
,"C:\\Users\\ferma\\Dropbox\\My PC (LAPTOP-OQG2DRPV)\\Desktop\\Clone\\Tech4You-backend\\api\\src\\errors\\validationError.js": {"path":"C:\\Users\\ferma\\Dropbox\\My PC (LAPTOP-OQG2DRPV)\\Desktop\\Clone\\Tech4You-backend\\api\\src\\errors\\validationError.js","statementMap":{"0":{"start":{"line":1,"column":0},"end":{"line":4,"column":2}},"1":{"start":{"line":2,"column":2},"end":{"line":2,"column":32}},"2":{"start":{"line":3,"column":2},"end":{"line":3,"column":25}}},"fnMap":{"0":{"name":"ValidationError","decl":{"start":{"line":1,"column":26},"end":{"line":1,"column":41}},"loc":{"start":{"line":1,"column":51},"end":{"line":4,"column":1}},"line":1}},"branchMap":{},"s":{"0":9,"1":62,"2":62},"f":{"0":62},"b":{},"_coverageSchema":"332fd63041d2c1bcb487cc26dd0d5f7d97098a6c","hash":"0c9a9e22b97bb7e444da0467cd97076703922953"}
,"C:\\Users\\ferma\\Dropbox\\My PC (LAPTOP-OQG2DRPV)\\Desktop\\Clone\\Tech4You-backend\\api\\src\\routes\\auths.js": {"path":"C:\\Users\\ferma\\Dropbox\\My PC (LAPTOP-OQG2DRPV)\\Desktop\\Clone\\Tech4You-backend\\api\\src\\routes\\auths.js","statementMap":{"0":{"start":{"line":1,"column":16},"end":{"line":1,"column":34}},"1":{"start":{"line":2,"column":12},"end":{"line":2,"column":33}},"2":{"start":{"line":3,"column":15},"end":{"line":3,"column":39}},"3":{"start":{"line":4,"column":24},"end":{"line":4,"column":60}},"4":{"start":{"line":6,"column":15},"end":{"line":6,"column":30}},"5":{"start":{"line":8,"column":0},"end":{"line":39,"column":2}},"6":{"start":{"line":9,"column":17},"end":{"line":9,"column":33}},"7":{"start":{"line":11,"column":2},"end":{"line":27,"column":5}},"8":{"start":{"line":12,"column":4},"end":{"line":26,"column":35}},"9":{"start":{"line":14,"column":8},"end":{"line":14,"column":80}},"10":{"start":{"line":14,"column":25},"end":{"line":14,"column":80}},"11":{"start":{"line":15,"column":8},"end":{"line":25,"column":67}},"12":{"start":{"line":16,"column":26},"end":{"line":22,"column":11}},"13":{"start":{"line":23,"column":24},"end":{"line":23,"column":51}},"14":{"start":{"line":24,"column":10},"end":{"line":24,"column":42}},"15":{"start":{"line":25,"column":15},"end":{"line":25,"column":67}},"16":{"start":{"line":26,"column":24},"end":{"line":26,"column":33}},"17":{"start":{"line":29,"column":2},"end":{"line":36,"column":5}},"18":{"start":{"line":30,"column":4},"end":{"line":35,"column":5}},"19":{"start":{"line":31,"column":21},"end":{"line":31,"column":65}},"20":{"start":{"line":32,"column":6},"end":{"line":32,"column":45}},"21":{"start":{"line":34,"column":6},"end":{"line":34,"column":23}},"22":{"start":{"line":38,"column":2},"end":{"line":38,"column":16}}},"fnMap":{"0":{"name":"(anonymous_0)","decl":{"start":{"line":8,"column":17},"end":{"line":8,"column":18}},"loc":{"start":{"line":8,"column":26},"end":{"line":39,"column":1}},"line":8},"1":{"name":"(anonymous_1)","decl":{"start":{"line":11,"column":25},"end":{"line":11,"column":26}},"loc":{"start":{"line":11,"column":45},"end":{"line":27,"column":3}},"line":11},"2":{"name":"(anonymous_2)","decl":{"start":{"line":13,"column":12},"end":{"line":13,"column":13}},"loc":{"start":{"line":13,"column":28},"end":{"line":26,"column":7}},"line":13},"3":{"name":"(anonymous_3)","decl":{"start":{"line":26,"column":15},"end":{"line":26,"column":16}},"loc":{"start":{"line":26,"column":24},"end":{"line":26,"column":33}},"line":26},"4":{"name":"(anonymous_4)","decl":{"start":{"line":29,"column":25},"end":{"line":29,"column":26}},"loc":{"start":{"line":29,"column":51},"end":{"line":36,"column":3}},"line":29}},"branchMap":{"0":{"loc":{"start":{"line":14,"column":8},"end":{"line":14,"column":80}},"type":"if","locations":[{"start":{"line":14,"column":8},"end":{"line":14,"column":80}},{"start":{"line":14,"column":8},"end":{"line":14,"column":80}}],"line":14},"1":{"loc":{"start":{"line":15,"column":8},"end":{"line":25,"column":67}},"type":"if","locations":[{"start":{"line":15,"column":8},"end":{"line":25,"column":67}},{"start":{"line":15,"column":8},"end":{"line":25,"column":67}}],"line":15}},"s":{"0":9,"1":9,"2":9,"3":9,"4":9,"5":9,"6":9,"7":9,"8":3,"9":3,"10":1,"11":2,"12":1,"13":1,"14":1,"15":1,"16":2,"17":9,"18":9,"19":9,"20":3,"21":6,"22":9},"f":{"0":9,"1":3,"2":3,"3":2,"4":9},"b":{"0":[1,2],"1":[1,1]},"_coverageSchema":"332fd63041d2c1bcb487cc26dd0d5f7d97098a6c","hash":"946ed2e8b96ee10ee2a2ff6bc0246cb915074329"}
,"C:\\Users\\ferma\\Dropbox\\My PC (LAPTOP-OQG2DRPV)\\Desktop\\Clone\\Tech4You-backend\\api\\src\\routes\\clients.js": {"path":"C:\\Users\\ferma\\Dropbox\\My PC (LAPTOP-OQG2DRPV)\\Desktop\\Clone\\Tech4You-backend\\api\\src\\routes\\clients.js","statementMap":{"0":{"start":{"line":1,"column":16},"end":{"line":1,"column":34}},"1":{"start":{"line":3,"column":0},"end":{"line":40,"column":2}},"2":{"start":{"line":4,"column":17},"end":{"line":4,"column":33}},"3":{"start":{"line":6,"column":2},"end":{"line":10,"column":5}},"4":{"start":{"line":7,"column":4},"end":{"line":9,"column":33}},"5":{"start":{"line":8,"column":24},"end":{"line":8,"column":52}},"6":{"start":{"line":9,"column":22},"end":{"line":9,"column":31}},"7":{"start":{"line":12,"column":2},"end":{"line":19,"column":5}},"8":{"start":{"line":13,"column":4},"end":{"line":18,"column":5}},"9":{"start":{"line":14,"column":21},"end":{"line":14,"column":61}},"10":{"start":{"line":15,"column":6},"end":{"line":15,"column":45}},"11":{"start":{"line":17,"column":6},"end":{"line":17,"column":23}},"12":{"start":{"line":21,"column":2},"end":{"line":25,"column":5}},"13":{"start":{"line":22,"column":4},"end":{"line":24,"column":33}},"14":{"start":{"line":23,"column":24},"end":{"line":23,"column":52}},"15":{"start":{"line":24,"column":22},"end":{"line":24,"column":31}},"16":{"start":{"line":27,"column":2},"end":{"line":31,"column":5}},"17":{"start":{"line":28,"column":4},"end":{"line":30,"column":33}},"18":{"start":{"line":29,"column":24},"end":{"line":29,"column":55}},"19":{"start":{"line":30,"column":22},"end":{"line":30,"column":31}},"20":{"start":{"line":33,"column":2},"end":{"line":37,"column":5}},"21":{"start":{"line":34,"column":4},"end":{"line":36,"column":33}},"22":{"start":{"line":35,"column":18},"end":{"line":35,"column":40}},"23":{"start":{"line":36,"column":22},"end":{"line":36,"column":31}},"24":{"start":{"line":39,"column":2},"end":{"line":39,"column":16}}},"fnMap":{"0":{"name":"(anonymous_0)","decl":{"start":{"line":3,"column":17},"end":{"line":3,"column":18}},"loc":{"start":{"line":3,"column":26},"end":{"line":40,"column":1}},"line":3},"1":{"name":"(anonymous_1)","decl":{"start":{"line":6,"column":18},"end":{"line":6,"column":19}},"loc":{"start":{"line":6,"column":38},"end":{"line":10,"column":3}},"line":6},"2":{"name":"(anonymous_2)","decl":{"start":{"line":8,"column":12},"end":{"line":8,"column":13}},"loc":{"start":{"line":8,"column":24},"end":{"line":8,"column":52}},"line":8},"3":{"name":"(anonymous_3)","decl":{"start":{"line":9,"column":13},"end":{"line":9,"column":14}},"loc":{"start":{"line":9,"column":22},"end":{"line":9,"column":31}},"line":9},"4":{"name":"(anonymous_4)","decl":{"start":{"line":12,"column":19},"end":{"line":12,"column":20}},"loc":{"start":{"line":12,"column":45},"end":{"line":19,"column":3}},"line":12},"5":{"name":"(anonymous_5)","decl":{"start":{"line":21,"column":21},"end":{"line":21,"column":22}},"loc":{"start":{"line":21,"column":41},"end":{"line":25,"column":3}},"line":21},"6":{"name":"(anonymous_6)","decl":{"start":{"line":23,"column":12},"end":{"line":23,"column":13}},"loc":{"start":{"line":23,"column":24},"end":{"line":23,"column":52}},"line":23},"7":{"name":"(anonymous_7)","decl":{"start":{"line":24,"column":13},"end":{"line":24,"column":14}},"loc":{"start":{"line":24,"column":22},"end":{"line":24,"column":31}},"line":24},"8":{"name":"(anonymous_8)","decl":{"start":{"line":27,"column":21},"end":{"line":27,"column":22}},"loc":{"start":{"line":27,"column":41},"end":{"line":31,"column":3}},"line":27},"9":{"name":"(anonymous_9)","decl":{"start":{"line":29,"column":12},"end":{"line":29,"column":13}},"loc":{"start":{"line":29,"column":24},"end":{"line":29,"column":55}},"line":29},"10":{"name":"(anonymous_10)","decl":{"start":{"line":30,"column":13},"end":{"line":30,"column":14}},"loc":{"start":{"line":30,"column":22},"end":{"line":30,"column":31}},"line":30},"11":{"name":"(anonymous_11)","decl":{"start":{"line":33,"column":24},"end":{"line":33,"column":25}},"loc":{"start":{"line":33,"column":44},"end":{"line":37,"column":3}},"line":33},"12":{"name":"(anonymous_12)","decl":{"start":{"line":35,"column":12},"end":{"line":35,"column":13}},"loc":{"start":{"line":35,"column":18},"end":{"line":35,"column":40}},"line":35},"13":{"name":"(anonymous_13)","decl":{"start":{"line":36,"column":13},"end":{"line":36,"column":14}},"loc":{"start":{"line":36,"column":22},"end":{"line":36,"column":31}},"line":36}},"branchMap":{},"s":{"0":9,"1":9,"2":9,"3":9,"4":1,"5":1,"6":0,"7":9,"8":9,"9":9,"10":1,"11":8,"12":9,"13":1,"14":1,"15":0,"16":9,"17":7,"18":1,"19":6,"20":9,"21":1,"22":1,"23":0,"24":9},"f":{"0":9,"1":1,"2":1,"3":0,"4":9,"5":1,"6":1,"7":0,"8":7,"9":1,"10":6,"11":1,"12":1,"13":0},"b":{},"_coverageSchema":"332fd63041d2c1bcb487cc26dd0d5f7d97098a6c","hash":"2d722b03cf77de0ff20b1d99387670d062468846"}
,"C:\\Users\\ferma\\Dropbox\\My PC (LAPTOP-OQG2DRPV)\\Desktop\\Clone\\Tech4You-backend\\api\\src\\routes\\equipments.js": {"path":"C:\\Users\\ferma\\Dropbox\\My PC (LAPTOP-OQG2DRPV)\\Desktop\\Clone\\Tech4You-backend\\api\\src\\routes\\equipments.js","statementMap":{"0":{"start":{"line":1,"column":16},"end":{"line":1,"column":34}},"1":{"start":{"line":3,"column":0},"end":{"line":40,"column":2}},"2":{"start":{"line":4,"column":17},"end":{"line":4,"column":33}},"3":{"start":{"line":6,"column":2},"end":{"line":13,"column":5}},"4":{"start":{"line":7,"column":4},"end":{"line":12,"column":9}},"5":{"start":{"line":9,"column":8},"end":{"line":9,"column":47}},"6":{"start":{"line":11,"column":8},"end":{"line":11,"column":18}},"7":{"start":{"line":15,"column":2},"end":{"line":19,"column":5}},"8":{"start":{"line":16,"column":4},"end":{"line":18,"column":33}},"9":{"start":{"line":17,"column":24},"end":{"line":17,"column":52}},"10":{"start":{"line":18,"column":22},"end":{"line":18,"column":31}},"11":{"start":{"line":21,"column":2},"end":{"line":25,"column":5}},"12":{"start":{"line":22,"column":4},"end":{"line":24,"column":33}},"13":{"start":{"line":23,"column":24},"end":{"line":23,"column":52}},"14":{"start":{"line":24,"column":22},"end":{"line":24,"column":31}},"15":{"start":{"line":27,"column":2},"end":{"line":31,"column":5}},"16":{"start":{"line":28,"column":4},"end":{"line":30,"column":33}},"17":{"start":{"line":29,"column":24},"end":{"line":29,"column":55}},"18":{"start":{"line":30,"column":22},"end":{"line":30,"column":31}},"19":{"start":{"line":33,"column":2},"end":{"line":37,"column":5}},"20":{"start":{"line":34,"column":4},"end":{"line":36,"column":33}},"21":{"start":{"line":35,"column":18},"end":{"line":35,"column":40}},"22":{"start":{"line":36,"column":22},"end":{"line":36,"column":31}},"23":{"start":{"line":39,"column":2},"end":{"line":39,"column":16}}},"fnMap":{"0":{"name":"(anonymous_0)","decl":{"start":{"line":3,"column":17},"end":{"line":3,"column":18}},"loc":{"start":{"line":3,"column":26},"end":{"line":40,"column":1}},"line":3},"1":{"name":"(anonymous_1)","decl":{"start":{"line":6,"column":19},"end":{"line":6,"column":20}},"loc":{"start":{"line":6,"column":39},"end":{"line":13,"column":3}},"line":6},"2":{"name":"(anonymous_2)","decl":{"start":{"line":8,"column":12},"end":{"line":8,"column":13}},"loc":{"start":{"line":8,"column":24},"end":{"line":10,"column":7}},"line":8},"3":{"name":"(anonymous_3)","decl":{"start":{"line":10,"column":15},"end":{"line":10,"column":16}},"loc":{"start":{"line":10,"column":24},"end":{"line":12,"column":7}},"line":10},"4":{"name":"(anonymous_4)","decl":{"start":{"line":15,"column":18},"end":{"line":15,"column":19}},"loc":{"start":{"line":15,"column":38},"end":{"line":19,"column":3}},"line":15},"5":{"name":"(anonymous_5)","decl":{"start":{"line":17,"column":12},"end":{"line":17,"column":13}},"loc":{"start":{"line":17,"column":24},"end":{"line":17,"column":52}},"line":17},"6":{"name":"(anonymous_6)","decl":{"start":{"line":18,"column":13},"end":{"line":18,"column":14}},"loc":{"start":{"line":18,"column":22},"end":{"line":18,"column":31}},"line":18},"7":{"name":"(anonymous_7)","decl":{"start":{"line":21,"column":21},"end":{"line":21,"column":22}},"loc":{"start":{"line":21,"column":41},"end":{"line":25,"column":3}},"line":21},"8":{"name":"(anonymous_8)","decl":{"start":{"line":23,"column":12},"end":{"line":23,"column":13}},"loc":{"start":{"line":23,"column":24},"end":{"line":23,"column":52}},"line":23},"9":{"name":"(anonymous_9)","decl":{"start":{"line":24,"column":13},"end":{"line":24,"column":14}},"loc":{"start":{"line":24,"column":22},"end":{"line":24,"column":31}},"line":24},"10":{"name":"(anonymous_10)","decl":{"start":{"line":27,"column":21},"end":{"line":27,"column":22}},"loc":{"start":{"line":27,"column":41},"end":{"line":31,"column":3}},"line":27},"11":{"name":"(anonymous_11)","decl":{"start":{"line":29,"column":12},"end":{"line":29,"column":13}},"loc":{"start":{"line":29,"column":24},"end":{"line":29,"column":55}},"line":29},"12":{"name":"(anonymous_12)","decl":{"start":{"line":30,"column":13},"end":{"line":30,"column":14}},"loc":{"start":{"line":30,"column":22},"end":{"line":30,"column":31}},"line":30},"13":{"name":"(anonymous_13)","decl":{"start":{"line":33,"column":24},"end":{"line":33,"column":25}},"loc":{"start":{"line":33,"column":44},"end":{"line":37,"column":3}},"line":33},"14":{"name":"(anonymous_14)","decl":{"start":{"line":35,"column":12},"end":{"line":35,"column":13}},"loc":{"start":{"line":35,"column":18},"end":{"line":35,"column":40}},"line":35},"15":{"name":"(anonymous_15)","decl":{"start":{"line":36,"column":13},"end":{"line":36,"column":14}},"loc":{"start":{"line":36,"column":22},"end":{"line":36,"column":31}},"line":36}},"branchMap":{},"s":{"0":9,"1":9,"2":9,"3":9,"4":9,"5":1,"6":8,"7":9,"8":1,"9":1,"10":0,"11":9,"12":1,"13":1,"14":0,"15":9,"16":8,"17":1,"18":7,"19":9,"20":1,"21":1,"22":0,"23":9},"f":{"0":9,"1":9,"2":1,"3":8,"4":1,"5":1,"6":0,"7":1,"8":1,"9":0,"10":8,"11":1,"12":7,"13":1,"14":1,"15":0},"b":{},"_coverageSchema":"332fd63041d2c1bcb487cc26dd0d5f7d97098a6c","hash":"43e65198d505120cb5ae95edd98352dba63a5675"}
,"C:\\Users\\ferma\\Dropbox\\My PC (LAPTOP-OQG2DRPV)\\Desktop\\Clone\\Tech4You-backend\\api\\src\\routes\\publicClients.js": {"path":"C:\\Users\\ferma\\Dropbox\\My PC (LAPTOP-OQG2DRPV)\\Desktop\\Clone\\Tech4You-backend\\api\\src\\routes\\publicClients.js","statementMap":{"0":{"start":{"line":1,"column":16},"end":{"line":1,"column":34}},"1":{"start":{"line":3,"column":0},"end":{"line":13,"column":2}},"2":{"start":{"line":4,"column":17},"end":{"line":4,"column":33}},"3":{"start":{"line":6,"column":2},"end":{"line":10,"column":5}},"4":{"start":{"line":7,"column":4},"end":{"line":9,"column":33}},"5":{"start":{"line":8,"column":24},"end":{"line":8,"column":52}},"6":{"start":{"line":9,"column":22},"end":{"line":9,"column":31}},"7":{"start":{"line":12,"column":2},"end":{"line":12,"column":16}}},"fnMap":{"0":{"name":"(anonymous_0)","decl":{"start":{"line":3,"column":17},"end":{"line":3,"column":18}},"loc":{"start":{"line":3,"column":26},"end":{"line":13,"column":1}},"line":3},"1":{"name":"(anonymous_1)","decl":{"start":{"line":6,"column":21},"end":{"line":6,"column":22}},"loc":{"start":{"line":6,"column":41},"end":{"line":10,"column":3}},"line":6},"2":{"name":"(anonymous_2)","decl":{"start":{"line":8,"column":12},"end":{"line":8,"column":13}},"loc":{"start":{"line":8,"column":24},"end":{"line":8,"column":52}},"line":8},"3":{"name":"(anonymous_3)","decl":{"start":{"line":9,"column":13},"end":{"line":9,"column":14}},"loc":{"start":{"line":9,"column":22},"end":{"line":9,"column":31}},"line":9}},"branchMap":{},"s":{"0":9,"1":9,"2":9,"3":9,"4":1,"5":1,"6":0,"7":9},"f":{"0":9,"1":1,"2":1,"3":0},"b":{},"_coverageSchema":"332fd63041d2c1bcb487cc26dd0d5f7d97098a6c","hash":"eda75fd91f74b8dbfd599b35a3b59c7abb481792"}
,"C:\\Users\\ferma\\Dropbox\\My PC (LAPTOP-OQG2DRPV)\\Desktop\\Clone\\Tech4You-backend\\api\\src\\routes\\publicEquipamentos.js": {"path":"C:\\Users\\ferma\\Dropbox\\My PC (LAPTOP-OQG2DRPV)\\Desktop\\Clone\\Tech4You-backend\\api\\src\\routes\\publicEquipamentos.js","statementMap":{"0":{"start":{"line":1,"column":16},"end":{"line":1,"column":34}},"1":{"start":{"line":3,"column":0},"end":{"line":13,"column":2}},"2":{"start":{"line":4,"column":17},"end":{"line":4,"column":33}},"3":{"start":{"line":6,"column":2},"end":{"line":10,"column":5}},"4":{"start":{"line":7,"column":4},"end":{"line":9,"column":33}},"5":{"start":{"line":8,"column":24},"end":{"line":8,"column":52}},"6":{"start":{"line":9,"column":22},"end":{"line":9,"column":31}},"7":{"start":{"line":12,"column":2},"end":{"line":12,"column":16}}},"fnMap":{"0":{"name":"(anonymous_0)","decl":{"start":{"line":3,"column":17},"end":{"line":3,"column":18}},"loc":{"start":{"line":3,"column":26},"end":{"line":13,"column":1}},"line":3},"1":{"name":"(anonymous_1)","decl":{"start":{"line":6,"column":21},"end":{"line":6,"column":22}},"loc":{"start":{"line":6,"column":41},"end":{"line":10,"column":3}},"line":6},"2":{"name":"(anonymous_2)","decl":{"start":{"line":8,"column":12},"end":{"line":8,"column":13}},"loc":{"start":{"line":8,"column":24},"end":{"line":8,"column":52}},"line":8},"3":{"name":"(anonymous_3)","decl":{"start":{"line":9,"column":13},"end":{"line":9,"column":14}},"loc":{"start":{"line":9,"column":22},"end":{"line":9,"column":31}},"line":9}},"branchMap":{},"s":{"0":9,"1":9,"2":9,"3":9,"4":1,"5":1,"6":0,"7":9},"f":{"0":9,"1":1,"2":1,"3":0},"b":{},"_coverageSchema":"332fd63041d2c1bcb487cc26dd0d5f7d97098a6c","hash":"bb97cbf1492be2a5df8cc14615b09577574bc902"}
,"C:\\Users\\ferma\\Dropbox\\My PC (LAPTOP-OQG2DRPV)\\Desktop\\Clone\\Tech4You-backend\\api\\src\\routes\\publicServices.js": {"path":"C:\\Users\\ferma\\Dropbox\\My PC (LAPTOP-OQG2DRPV)\\Desktop\\Clone\\Tech4You-backend\\api\\src\\routes\\publicServices.js","statementMap":{"0":{"start":{"line":1,"column":16},"end":{"line":1,"column":34}},"1":{"start":{"line":3,"column":0},"end":{"line":13,"column":2}},"2":{"start":{"line":4,"column":17},"end":{"line":4,"column":33}},"3":{"start":{"line":6,"column":2},"end":{"line":10,"column":5}},"4":{"start":{"line":7,"column":4},"end":{"line":9,"column":33}},"5":{"start":{"line":8,"column":24},"end":{"line":8,"column":52}},"6":{"start":{"line":9,"column":22},"end":{"line":9,"column":31}},"7":{"start":{"line":12,"column":2},"end":{"line":12,"column":16}}},"fnMap":{"0":{"name":"(anonymous_0)","decl":{"start":{"line":3,"column":17},"end":{"line":3,"column":18}},"loc":{"start":{"line":3,"column":26},"end":{"line":13,"column":1}},"line":3},"1":{"name":"(anonymous_1)","decl":{"start":{"line":6,"column":21},"end":{"line":6,"column":22}},"loc":{"start":{"line":6,"column":41},"end":{"line":10,"column":3}},"line":6},"2":{"name":"(anonymous_2)","decl":{"start":{"line":8,"column":12},"end":{"line":8,"column":13}},"loc":{"start":{"line":8,"column":24},"end":{"line":8,"column":52}},"line":8},"3":{"name":"(anonymous_3)","decl":{"start":{"line":9,"column":13},"end":{"line":9,"column":14}},"loc":{"start":{"line":9,"column":22},"end":{"line":9,"column":31}},"line":9}},"branchMap":{},"s":{"0":9,"1":9,"2":9,"3":9,"4":1,"5":1,"6":0,"7":9},"f":{"0":9,"1":1,"2":1,"3":0},"b":{},"_coverageSchema":"332fd63041d2c1bcb487cc26dd0d5f7d97098a6c","hash":"07d0d1a0888a2de1664231aa4b10934e271e5c9b"}
,"C:\\Users\\ferma\\Dropbox\\My PC (LAPTOP-OQG2DRPV)\\Desktop\\Clone\\Tech4You-backend\\api\\src\\routes\\services.js": {"path":"C:\\Users\\ferma\\Dropbox\\My PC (LAPTOP-OQG2DRPV)\\Desktop\\Clone\\Tech4You-backend\\api\\src\\routes\\services.js","statementMap":{"0":{"start":{"line":1,"column":16},"end":{"line":1,"column":34}},"1":{"start":{"line":3,"column":0},"end":{"line":40,"column":2}},"2":{"start":{"line":4,"column":17},"end":{"line":4,"column":33}},"3":{"start":{"line":6,"column":2},"end":{"line":13,"column":5}},"4":{"start":{"line":7,"column":4},"end":{"line":12,"column":9}},"5":{"start":{"line":9,"column":8},"end":{"line":9,"column":47}},"6":{"start":{"line":11,"column":8},"end":{"line":11,"column":18}},"7":{"start":{"line":15,"column":2},"end":{"line":19,"column":5}},"8":{"start":{"line":16,"column":4},"end":{"line":18,"column":33}},"9":{"start":{"line":17,"column":24},"end":{"line":17,"column":52}},"10":{"start":{"line":18,"column":22},"end":{"line":18,"column":31}},"11":{"start":{"line":21,"column":2},"end":{"line":25,"column":5}},"12":{"start":{"line":22,"column":4},"end":{"line":24,"column":33}},"13":{"start":{"line":23,"column":24},"end":{"line":23,"column":52}},"14":{"start":{"line":24,"column":22},"end":{"line":24,"column":31}},"15":{"start":{"line":27,"column":2},"end":{"line":31,"column":5}},"16":{"start":{"line":28,"column":4},"end":{"line":30,"column":33}},"17":{"start":{"line":29,"column":24},"end":{"line":29,"column":55}},"18":{"start":{"line":30,"column":22},"end":{"line":30,"column":31}},"19":{"start":{"line":33,"column":2},"end":{"line":37,"column":5}},"20":{"start":{"line":34,"column":4},"end":{"line":36,"column":33}},"21":{"start":{"line":35,"column":18},"end":{"line":35,"column":40}},"22":{"start":{"line":36,"column":22},"end":{"line":36,"column":31}},"23":{"start":{"line":39,"column":2},"end":{"line":39,"column":16}}},"fnMap":{"0":{"name":"(anonymous_0)","decl":{"start":{"line":3,"column":17},"end":{"line":3,"column":18}},"loc":{"start":{"line":3,"column":26},"end":{"line":40,"column":1}},"line":3},"1":{"name":"(anonymous_1)","decl":{"start":{"line":6,"column":19},"end":{"line":6,"column":20}},"loc":{"start":{"line":6,"column":39},"end":{"line":13,"column":3}},"line":6},"2":{"name":"(anonymous_2)","decl":{"start":{"line":8,"column":12},"end":{"line":8,"column":13}},"loc":{"start":{"line":8,"column":24},"end":{"line":10,"column":7}},"line":8},"3":{"name":"(anonymous_3)","decl":{"start":{"line":10,"column":15},"end":{"line":10,"column":16}},"loc":{"start":{"line":10,"column":24},"end":{"line":12,"column":7}},"line":10},"4":{"name":"(anonymous_4)","decl":{"start":{"line":15,"column":18},"end":{"line":15,"column":19}},"loc":{"start":{"line":15,"column":38},"end":{"line":19,"column":3}},"line":15},"5":{"name":"(anonymous_5)","decl":{"start":{"line":17,"column":12},"end":{"line":17,"column":13}},"loc":{"start":{"line":17,"column":24},"end":{"line":17,"column":52}},"line":17},"6":{"name":"(anonymous_6)","decl":{"start":{"line":18,"column":13},"end":{"line":18,"column":14}},"loc":{"start":{"line":18,"column":22},"end":{"line":18,"column":31}},"line":18},"7":{"name":"(anonymous_7)","decl":{"start":{"line":21,"column":21},"end":{"line":21,"column":22}},"loc":{"start":{"line":21,"column":41},"end":{"line":25,"column":3}},"line":21},"8":{"name":"(anonymous_8)","decl":{"start":{"line":23,"column":12},"end":{"line":23,"column":13}},"loc":{"start":{"line":23,"column":24},"end":{"line":23,"column":52}},"line":23},"9":{"name":"(anonymous_9)","decl":{"start":{"line":24,"column":13},"end":{"line":24,"column":14}},"loc":{"start":{"line":24,"column":22},"end":{"line":24,"column":31}},"line":24},"10":{"name":"(anonymous_10)","decl":{"start":{"line":27,"column":21},"end":{"line":27,"column":22}},"loc":{"start":{"line":27,"column":41},"end":{"line":31,"column":3}},"line":27},"11":{"name":"(anonymous_11)","decl":{"start":{"line":29,"column":12},"end":{"line":29,"column":13}},"loc":{"start":{"line":29,"column":24},"end":{"line":29,"column":55}},"line":29},"12":{"name":"(anonymous_12)","decl":{"start":{"line":30,"column":13},"end":{"line":30,"column":14}},"loc":{"start":{"line":30,"column":22},"end":{"line":30,"column":31}},"line":30},"13":{"name":"(anonymous_13)","decl":{"start":{"line":33,"column":24},"end":{"line":33,"column":25}},"loc":{"start":{"line":33,"column":44},"end":{"line":37,"column":3}},"line":33},"14":{"name":"(anonymous_14)","decl":{"start":{"line":35,"column":12},"end":{"line":35,"column":13}},"loc":{"start":{"line":35,"column":18},"end":{"line":35,"column":40}},"line":35},"15":{"name":"(anonymous_15)","decl":{"start":{"line":36,"column":13},"end":{"line":36,"column":14}},"loc":{"start":{"line":36,"column":22},"end":{"line":36,"column":31}},"line":36}},"branchMap":{},"s":{"0":9,"1":9,"2":9,"3":9,"4":11,"5":1,"6":10,"7":9,"8":1,"9":1,"10":0,"11":9,"12":1,"13":1,"14":0,"15":9,"16":11,"17":1,"18":0,"19":9,"20":1,"21":1,"22":0,"23":9},"f":{"0":9,"1":11,"2":1,"3":10,"4":1,"5":1,"6":0,"7":1,"8":1,"9":0,"10":11,"11":1,"12":0,"13":1,"14":1,"15":0},"b":{},"_coverageSchema":"332fd63041d2c1bcb487cc26dd0d5f7d97098a6c","hash":"1b48a407a9302289a7790943acab4634f2eb3ddb"}
,"C:\\Users\\ferma\\Dropbox\\My PC (LAPTOP-OQG2DRPV)\\Desktop\\Clone\\Tech4You-backend\\api\\src\\routes\\technicians.js": {"path":"C:\\Users\\ferma\\Dropbox\\My PC (LAPTOP-OQG2DRPV)\\Desktop\\Clone\\Tech4You-backend\\api\\src\\routes\\technicians.js","statementMap":{"0":{"start":{"line":1,"column":16},"end":{"line":1,"column":34}},"1":{"start":{"line":3,"column":0},"end":{"line":31,"column":2}},"2":{"start":{"line":4,"column":17},"end":{"line":4,"column":33}},"3":{"start":{"line":6,"column":2},"end":{"line":10,"column":5}},"4":{"start":{"line":7,"column":4},"end":{"line":9,"column":33}},"5":{"start":{"line":8,"column":24},"end":{"line":8,"column":52}},"6":{"start":{"line":9,"column":22},"end":{"line":9,"column":31}},"7":{"start":{"line":12,"column":2},"end":{"line":16,"column":5}},"8":{"start":{"line":13,"column":4},"end":{"line":15,"column":33}},"9":{"start":{"line":14,"column":24},"end":{"line":14,"column":52}},"10":{"start":{"line":15,"column":22},"end":{"line":15,"column":31}},"11":{"start":{"line":18,"column":2},"end":{"line":22,"column":5}},"12":{"start":{"line":19,"column":4},"end":{"line":21,"column":33}},"13":{"start":{"line":20,"column":24},"end":{"line":20,"column":55}},"14":{"start":{"line":21,"column":22},"end":{"line":21,"column":31}},"15":{"start":{"line":24,"column":2},"end":{"line":28,"column":5}},"16":{"start":{"line":25,"column":4},"end":{"line":27,"column":33}},"17":{"start":{"line":26,"column":18},"end":{"line":26,"column":40}},"18":{"start":{"line":27,"column":22},"end":{"line":27,"column":31}},"19":{"start":{"line":30,"column":2},"end":{"line":30,"column":16}}},"fnMap":{"0":{"name":"(anonymous_0)","decl":{"start":{"line":3,"column":17},"end":{"line":3,"column":18}},"loc":{"start":{"line":3,"column":26},"end":{"line":31,"column":1}},"line":3},"1":{"name":"(anonymous_1)","decl":{"start":{"line":6,"column":18},"end":{"line":6,"column":19}},"loc":{"start":{"line":6,"column":38},"end":{"line":10,"column":3}},"line":6},"2":{"name":"(anonymous_2)","decl":{"start":{"line":8,"column":12},"end":{"line":8,"column":13}},"loc":{"start":{"line":8,"column":24},"end":{"line":8,"column":52}},"line":8},"3":{"name":"(anonymous_3)","decl":{"start":{"line":9,"column":13},"end":{"line":9,"column":14}},"loc":{"start":{"line":9,"column":22},"end":{"line":9,"column":31}},"line":9},"4":{"name":"(anonymous_4)","decl":{"start":{"line":12,"column":21},"end":{"line":12,"column":22}},"loc":{"start":{"line":12,"column":41},"end":{"line":16,"column":3}},"line":12},"5":{"name":"(anonymous_5)","decl":{"start":{"line":14,"column":12},"end":{"line":14,"column":13}},"loc":{"start":{"line":14,"column":24},"end":{"line":14,"column":52}},"line":14},"6":{"name":"(anonymous_6)","decl":{"start":{"line":15,"column":13},"end":{"line":15,"column":14}},"loc":{"start":{"line":15,"column":22},"end":{"line":15,"column":31}},"line":15},"7":{"name":"(anonymous_7)","decl":{"start":{"line":18,"column":21},"end":{"line":18,"column":22}},"loc":{"start":{"line":18,"column":41},"end":{"line":22,"column":3}},"line":18},"8":{"name":"(anonymous_8)","decl":{"start":{"line":20,"column":12},"end":{"line":20,"column":13}},"loc":{"start":{"line":20,"column":24},"end":{"line":20,"column":55}},"line":20},"9":{"name":"(anonymous_9)","decl":{"start":{"line":21,"column":13},"end":{"line":21,"column":14}},"loc":{"start":{"line":21,"column":22},"end":{"line":21,"column":31}},"line":21},"10":{"name":"(anonymous_10)","decl":{"start":{"line":24,"column":24},"end":{"line":24,"column":25}},"loc":{"start":{"line":24,"column":44},"end":{"line":28,"column":3}},"line":24},"11":{"name":"(anonymous_11)","decl":{"start":{"line":26,"column":12},"end":{"line":26,"column":13}},"loc":{"start":{"line":26,"column":18},"end":{"line":26,"column":40}},"line":26},"12":{"name":"(anonymous_12)","decl":{"start":{"line":27,"column":13},"end":{"line":27,"column":14}},"loc":{"start":{"line":27,"column":22},"end":{"line":27,"column":31}},"line":27}},"branchMap":{},"s":{"0":9,"1":9,"2":9,"3":9,"4":1,"5":1,"6":0,"7":9,"8":1,"9":1,"10":0,"11":9,"12":6,"13":1,"14":5,"15":9,"16":1,"17":1,"18":0,"19":9},"f":{"0":9,"1":1,"2":1,"3":0,"4":1,"5":1,"6":0,"7":6,"8":1,"9":5,"10":1,"11":1,"12":0},"b":{},"_coverageSchema":"332fd63041d2c1bcb487cc26dd0d5f7d97098a6c","hash":"f7f491a2878326bf1adff64471f2794f73c6e151"}
,"C:\\Users\\ferma\\Dropbox\\My PC (LAPTOP-OQG2DRPV)\\Desktop\\Clone\\Tech4You-backend\\api\\src\\seeds\\services.js": {"path":"C:\\Users\\ferma\\Dropbox\\My PC (LAPTOP-OQG2DRPV)\\Desktop\\Clone\\Tech4You-backend\\api\\src\\seeds\\services.js","statementMap":{"0":{"start":{"line":1,"column":0},"end":{"line":38,"column":2}},"1":{"start":{"line":2,"column":2},"end":{"line":37,"column":8}},"2":{"start":{"line":3,"column":16},"end":{"line":3,"column":40}},"3":{"start":{"line":4,"column":16},"end":{"line":4,"column":37}},"4":{"start":{"line":5,"column":16},"end":{"line":5,"column":41}},"5":{"start":{"line":6,"column":16},"end":{"line":13,"column":6}},"6":{"start":{"line":14,"column":16},"end":{"line":21,"column":6}},"7":{"start":{"line":22,"column":16},"end":{"line":29,"column":6}},"8":{"start":{"line":30,"column":16},"end":{"line":37,"column":6}}},"fnMap":{"0":{"name":"(anonymous_0)","decl":{"start":{"line":1,"column":15},"end":{"line":1,"column":16}},"loc":{"start":{"line":1,"column":25},"end":{"line":38,"column":1}},"line":1},"1":{"name":"(anonymous_1)","decl":{"start":{"line":3,"column":10},"end":{"line":3,"column":11}},"loc":{"start":{"line":3,"column":16},"end":{"line":3,"column":40}},"line":3},"2":{"name":"(anonymous_2)","decl":{"start":{"line":4,"column":10},"end":{"line":4,"column":11}},"loc":{"start":{"line":4,"column":16},"end":{"line":4,"column":37}},"line":4},"3":{"name":"(anonymous_3)","decl":{"start":{"line":5,"column":10},"end":{"line":5,"column":11}},"loc":{"start":{"line":5,"column":16},"end":{"line":5,"column":41}},"line":5},"4":{"name":"(anonymous_4)","decl":{"start":{"line":6,"column":10},"end":{"line":6,"column":11}},"loc":{"start":{"line":6,"column":16},"end":{"line":13,"column":6}},"line":6},"5":{"name":"(anonymous_5)","decl":{"start":{"line":14,"column":10},"end":{"line":14,"column":11}},"loc":{"start":{"line":14,"column":16},"end":{"line":21,"column":6}},"line":14},"6":{"name":"(anonymous_6)","decl":{"start":{"line":22,"column":10},"end":{"line":22,"column":11}},"loc":{"start":{"line":22,"column":16},"end":{"line":29,"column":6}},"line":22},"7":{"name":"(anonymous_7)","decl":{"start":{"line":30,"column":10},"end":{"line":30,"column":11}},"loc":{"start":{"line":30,"column":16},"end":{"line":37,"column":6}},"line":30}},"branchMap":{},"s":{"0":4,"1":4,"2":4,"3":4,"4":4,"5":4,"6":4,"7":4,"8":4},"f":{"0":4,"1":4,"2":4,"3":4,"4":4,"5":4,"6":4,"7":4},"b":{},"_coverageSchema":"332fd63041d2c1bcb487cc26dd0d5f7d97098a6c","hash":"2df2d8eb9292e4ed078d9e6610b43f0eff3f442d"}
,"C:\\Users\\ferma\\Dropbox\\My PC (LAPTOP-OQG2DRPV)\\Desktop\\Clone\\Tech4You-backend\\api\\src\\services\\client.js": {"path":"C:\\Users\\ferma\\Dropbox\\My PC (LAPTOP-OQG2DRPV)\\Desktop\\Clone\\Tech4You-backend\\api\\src\\services\\client.js","statementMap":{"0":{"start":{"line":1,"column":24},"end":{"line":1,"column":60}},"1":{"start":{"line":3,"column":0},"end":{"line":51,"column":2}},"2":{"start":{"line":4,"column":18},"end":{"line":6,"column":3}},"3":{"start":{"line":5,"column":4},"end":{"line":5,"column":52}},"4":{"start":{"line":8,"column":15},"end":{"line":10,"column":3}},"5":{"start":{"line":9,"column":4},"end":{"line":9,"column":51}},"6":{"start":{"line":12,"column":15},"end":{"line":27,"column":3}},"7":{"start":{"line":13,"column":4},"end":{"line":13,"column":84}},"8":{"start":{"line":13,"column":22},"end":{"line":13,"column":84}},"9":{"start":{"line":14,"column":4},"end":{"line":14,"column":89}},"10":{"start":{"line":14,"column":25},"end":{"line":14,"column":89}},"11":{"start":{"line":15,"column":4},"end":{"line":15,"column":102}},"12":{"start":{"line":15,"column":26},"end":{"line":15,"column":102}},"13":{"start":{"line":16,"column":4},"end":{"line":16,"column":106}},"14":{"start":{"line":16,"column":29},"end":{"line":16,"column":106}},"15":{"start":{"line":17,"column":4},"end":{"line":17,"column":86}},"16":{"start":{"line":17,"column":23},"end":{"line":17,"column":86}},"17":{"start":{"line":18,"column":4},"end":{"line":18,"column":82}},"18":{"start":{"line":18,"column":21},"end":{"line":18,"column":82}},"19":{"start":{"line":20,"column":26},"end":{"line":20,"column":64}},"20":{"start":{"line":21,"column":4},"end":{"line":21,"column":102}},"21":{"start":{"line":21,"column":51},"end":{"line":21,"column":102}},"22":{"start":{"line":23,"column":24},"end":{"line":23,"column":58}},"23":{"start":{"line":24,"column":4},"end":{"line":24,"column":96}},"24":{"start":{"line":24,"column":47},"end":{"line":24,"column":96}},"25":{"start":{"line":26,"column":4},"end":{"line":26,"column":49}},"26":{"start":{"line":29,"column":17},"end":{"line":40,"column":3}},"27":{"start":{"line":30,"column":4},"end":{"line":30,"column":84}},"28":{"start":{"line":30,"column":22},"end":{"line":30,"column":84}},"29":{"start":{"line":31,"column":4},"end":{"line":31,"column":89}},"30":{"start":{"line":31,"column":25},"end":{"line":31,"column":89}},"31":{"start":{"line":32,"column":4},"end":{"line":32,"column":102}},"32":{"start":{"line":32,"column":26},"end":{"line":32,"column":102}},"33":{"start":{"line":33,"column":4},"end":{"line":33,"column":106}},"34":{"start":{"line":33,"column":29},"end":{"line":33,"column":106}},"35":{"start":{"line":34,"column":4},"end":{"line":34,"column":86}},"36":{"start":{"line":34,"column":23},"end":{"line":34,"column":86}},"37":{"start":{"line":35,"column":4},"end":{"line":35,"column":82}},"38":{"start":{"line":35,"column":21},"end":{"line":35,"column":82}},"39":{"start":{"line":37,"column":4},"end":{"line":39,"column":27}},"40":{"start":{"line":42,"column":17},"end":{"line":46,"column":3}},"41":{"start":{"line":43,"column":4},"end":{"line":45,"column":13}},"42":{"start":{"line":48,"column":2},"end":{"line":50,"column":4}}},"fnMap":{"0":{"name":"(anonymous_0)","decl":{"start":{"line":3,"column":17},"end":{"line":3,"column":18}},"loc":{"start":{"line":3,"column":26},"end":{"line":51,"column":1}},"line":3},"1":{"name":"(anonymous_1)","decl":{"start":{"line":4,"column":18},"end":{"line":4,"column":19}},"loc":{"start":{"line":4,"column":35},"end":{"line":6,"column":3}},"line":4},"2":{"name":"(anonymous_2)","decl":{"start":{"line":8,"column":15},"end":{"line":8,"column":16}},"loc":{"start":{"line":8,"column":32},"end":{"line":10,"column":3}},"line":8},"3":{"name":"(anonymous_3)","decl":{"start":{"line":12,"column":15},"end":{"line":12,"column":16}},"loc":{"start":{"line":12,"column":33},"end":{"line":27,"column":3}},"line":12},"4":{"name":"(anonymous_4)","decl":{"start":{"line":29,"column":17},"end":{"line":29,"column":18}},"loc":{"start":{"line":29,"column":39},"end":{"line":40,"column":3}},"line":29},"5":{"name":"(anonymous_5)","decl":{"start":{"line":42,"column":17},"end":{"line":42,"column":18}},"loc":{"start":{"line":42,"column":25},"end":{"line":46,"column":3}},"line":42}},"branchMap":{"0":{"loc":{"start":{"line":4,"column":19},"end":{"line":4,"column":30}},"type":"default-arg","locations":[{"start":{"line":4,"column":28},"end":{"line":4,"column":30}}],"line":4},"1":{"loc":{"start":{"line":8,"column":16},"end":{"line":8,"column":27}},"type":"default-arg","locations":[{"start":{"line":8,"column":25},"end":{"line":8,"column":27}}],"line":8},"2":{"loc":{"start":{"line":13,"column":4},"end":{"line":13,"column":84}},"type":"if","locations":[{"start":{"line":13,"column":4},"end":{"line":13,"column":84}},{"start":{"line":13,"column":4},"end":{"line":13,"column":84}}],"line":13},"3":{"loc":{"start":{"line":14,"column":4},"end":{"line":14,"column":89}},"type":"if","locations":[{"start":{"line":14,"column":4},"end":{"line":14,"column":89}},{"start":{"line":14,"column":4},"end":{"line":14,"column":89}}],"line":14},"4":{"loc":{"start":{"line":15,"column":4},"end":{"line":15,"column":102}},"type":"if","locations":[{"start":{"line":15,"column":4},"end":{"line":15,"column":102}},{"start":{"line":15,"column":4},"end":{"line":15,"column":102}}],"line":15},"5":{"loc":{"start":{"line":16,"column":4},"end":{"line":16,"column":106}},"type":"if","locations":[{"start":{"line":16,"column":4},"end":{"line":16,"column":106}},{"start":{"line":16,"column":4},"end":{"line":16,"column":106}}],"line":16},"6":{"loc":{"start":{"line":17,"column":4},"end":{"line":17,"column":86}},"type":"if","locations":[{"start":{"line":17,"column":4},"end":{"line":17,"column":86}},{"start":{"line":17,"column":4},"end":{"line":17,"column":86}}],"line":17},"7":{"loc":{"start":{"line":18,"column":4},"end":{"line":18,"column":82}},"type":"if","locations":[{"start":{"line":18,"column":4},"end":{"line":18,"column":82}},{"start":{"line":18,"column":4},"end":{"line":18,"column":82}}],"line":18},"8":{"loc":{"start":{"line":21,"column":4},"end":{"line":21,"column":102}},"type":"if","locations":[{"start":{"line":21,"column":4},"end":{"line":21,"column":102}},{"start":{"line":21,"column":4},"end":{"line":21,"column":102}}],"line":21},"9":{"loc":{"start":{"line":21,"column":8},"end":{"line":21,"column":49}},"type":"binary-expr","locations":[{"start":{"line":21,"column":8},"end":{"line":21,"column":21}},{"start":{"line":21,"column":25},"end":{"line":21,"column":49}}],"line":21},"10":{"loc":{"start":{"line":24,"column":4},"end":{"line":24,"column":96}},"type":"if","locations":[{"start":{"line":24,"column":4},"end":{"line":24,"column":96}},{"start":{"line":24,"column":4},"end":{"line":24,"column":96}}],"line":24},"11":{"loc":{"start":{"line":24,"column":8},"end":{"line":24,"column":45}},"type":"binary-expr","locations":[{"start":{"line":24,"column":8},"end":{"line":24,"column":19}},{"start":{"line":24,"column":23},"end":{"line":24,"column":45}}],"line":24},"12":{"loc":{"start":{"line":30,"column":4},"end":{"line":30,"column":84}},"type":"if","locations":[{"start":{"line":30,"column":4},"end":{"line":30,"column":84}},{"start":{"line":30,"column":4},"end":{"line":30,"column":84}}],"line":30},"13":{"loc":{"start":{"line":31,"column":4},"end":{"line":31,"column":89}},"type":"if","locations":[{"start":{"line":31,"column":4},"end":{"line":31,"column":89}},{"start":{"line":31,"column":4},"end":{"line":31,"column":89}}],"line":31},"14":{"loc":{"start":{"line":32,"column":4},"end":{"line":32,"column":102}},"type":"if","locations":[{"start":{"line":32,"column":4},"end":{"line":32,"column":102}},{"start":{"line":32,"column":4},"end":{"line":32,"column":102}}],"line":32},"15":{"loc":{"start":{"line":33,"column":4},"end":{"line":33,"column":106}},"type":"if","locations":[{"start":{"line":33,"column":4},"end":{"line":33,"column":106}},{"start":{"line":33,"column":4},"end":{"line":33,"column":106}}],"line":33},"16":{"loc":{"start":{"line":34,"column":4},"end":{"line":34,"column":86}},"type":"if","locations":[{"start":{"line":34,"column":4},"end":{"line":34,"column":86}},{"start":{"line":34,"column":4},"end":{"line":34,"column":86}}],"line":34},"17":{"loc":{"start":{"line":35,"column":4},"end":{"line":35,"column":82}},"type":"if","locations":[{"start":{"line":35,"column":4},"end":{"line":35,"column":82}},{"start":{"line":35,"column":4},"end":{"line":35,"column":82}}],"line":35}},"s":{"0":9,"1":9,"2":9,"3":6,"4":9,"5":1,"6":9,"7":9,"8":1,"9":8,"10":1,"11":7,"12":1,"13":6,"14":1,"15":5,"16":1,"17":4,"18":1,"19":3,"20":3,"21":1,"22":2,"23":2,"24":1,"25":1,"26":9,"27":7,"28":1,"29":6,"30":1,"31":5,"32":1,"33":4,"34":1,"35":3,"36":1,"37":2,"38":1,"39":1,"40":9,"41":1,"42":9},"f":{"0":9,"1":6,"2":1,"3":9,"4":7,"5":1},"b":{"0":[1],"1":[0],"2":[1,8],"3":[1,7],"4":[1,6],"5":[1,5],"6":[1,4],"7":[1,3],"8":[1,2],"9":[3,3],"10":[1,1],"11":[2,2],"12":[1,6],"13":[1,5],"14":[1,4],"15":[1,3],"16":[1,2],"17":[1,1]},"_coverageSchema":"332fd63041d2c1bcb487cc26dd0d5f7d97098a6c","hash":"1fb10df6f9932fc11783b2a94bbc68c86c2278b7"}
,"C:\\Users\\ferma\\Dropbox\\My PC (LAPTOP-OQG2DRPV)\\Desktop\\Clone\\Tech4You-backend\\api\\src\\services\\equipment.js": {"path":"C:\\Users\\ferma\\Dropbox\\My PC (LAPTOP-OQG2DRPV)\\Desktop\\Clone\\Tech4You-backend\\api\\src\\services\\equipment.js","statementMap":{"0":{"start":{"line":1,"column":24},"end":{"line":1,"column":60}},"1":{"start":{"line":3,"column":0},"end":{"line":50,"column":2}},"2":{"start":{"line":4,"column":18},"end":{"line":6,"column":3}},"3":{"start":{"line":5,"column":4},"end":{"line":5,"column":55}},"4":{"start":{"line":8,"column":15},"end":{"line":10,"column":3}},"5":{"start":{"line":9,"column":4},"end":{"line":9,"column":54}},"6":{"start":{"line":12,"column":15},"end":{"line":25,"column":3}},"7":{"start":{"line":13,"column":4},"end":{"line":13,"column":111}},"8":{"start":{"line":13,"column":34},"end":{"line":13,"column":111}},"9":{"start":{"line":14,"column":4},"end":{"line":14,"column":106}},"10":{"start":{"line":14,"column":33},"end":{"line":14,"column":106}},"11":{"start":{"line":15,"column":4},"end":{"line":15,"column":104}},"12":{"start":{"line":15,"column":26},"end":{"line":15,"column":104}},"13":{"start":{"line":16,"column":4},"end":{"line":16,"column":103}},"14":{"start":{"line":16,"column":32},"end":{"line":16,"column":103}},"15":{"start":{"line":17,"column":4},"end":{"line":17,"column":109}},"16":{"start":{"line":17,"column":28},"end":{"line":17,"column":109}},"17":{"start":{"line":18,"column":4},"end":{"line":18,"column":101}},"18":{"start":{"line":18,"column":30},"end":{"line":18,"column":101}},"19":{"start":{"line":19,"column":4},"end":{"line":19,"column":348}},"20":{"start":{"line":19,"column":290},"end":{"line":19,"column":348}},"21":{"start":{"line":21,"column":34},"end":{"line":21,"column":86}},"22":{"start":{"line":22,"column":4},"end":{"line":22,"column":92}},"23":{"start":{"line":22,"column":31},"end":{"line":22,"column":92}},"24":{"start":{"line":24,"column":4},"end":{"line":24,"column":55}},"25":{"start":{"line":27,"column":17},"end":{"line":39,"column":3}},"26":{"start":{"line":28,"column":4},"end":{"line":28,"column":111}},"27":{"start":{"line":28,"column":34},"end":{"line":28,"column":111}},"28":{"start":{"line":29,"column":4},"end":{"line":29,"column":106}},"29":{"start":{"line":29,"column":33},"end":{"line":29,"column":106}},"30":{"start":{"line":30,"column":4},"end":{"line":30,"column":104}},"31":{"start":{"line":30,"column":26},"end":{"line":30,"column":104}},"32":{"start":{"line":31,"column":4},"end":{"line":31,"column":103}},"33":{"start":{"line":31,"column":32},"end":{"line":31,"column":103}},"34":{"start":{"line":32,"column":4},"end":{"line":32,"column":109}},"35":{"start":{"line":32,"column":28},"end":{"line":32,"column":109}},"36":{"start":{"line":33,"column":4},"end":{"line":33,"column":101}},"37":{"start":{"line":33,"column":30},"end":{"line":33,"column":101}},"38":{"start":{"line":34,"column":4},"end":{"line":34,"column":348}},"39":{"start":{"line":34,"column":290},"end":{"line":34,"column":348}},"40":{"start":{"line":36,"column":4},"end":{"line":38,"column":30}},"41":{"start":{"line":41,"column":17},"end":{"line":45,"column":3}},"42":{"start":{"line":42,"column":4},"end":{"line":44,"column":13}},"43":{"start":{"line":47,"column":2},"end":{"line":49,"column":4}}},"fnMap":{"0":{"name":"(anonymous_0)","decl":{"start":{"line":3,"column":17},"end":{"line":3,"column":18}},"loc":{"start":{"line":3,"column":26},"end":{"line":50,"column":1}},"line":3},"1":{"name":"(anonymous_1)","decl":{"start":{"line":4,"column":18},"end":{"line":4,"column":19}},"loc":{"start":{"line":4,"column":35},"end":{"line":6,"column":3}},"line":4},"2":{"name":"(anonymous_2)","decl":{"start":{"line":8,"column":15},"end":{"line":8,"column":16}},"loc":{"start":{"line":8,"column":32},"end":{"line":10,"column":3}},"line":8},"3":{"name":"(anonymous_3)","decl":{"start":{"line":12,"column":15},"end":{"line":12,"column":16}},"loc":{"start":{"line":12,"column":36},"end":{"line":25,"column":3}},"line":12},"4":{"name":"(anonymous_4)","decl":{"start":{"line":27,"column":17},"end":{"line":27,"column":18}},"loc":{"start":{"line":27,"column":42},"end":{"line":39,"column":3}},"line":27},"5":{"name":"(anonymous_5)","decl":{"start":{"line":41,"column":17},"end":{"line":41,"column":18}},"loc":{"start":{"line":41,"column":25},"end":{"line":45,"column":3}},"line":41}},"branchMap":{"0":{"loc":{"start":{"line":4,"column":19},"end":{"line":4,"column":30}},"type":"default-arg","locations":[{"start":{"line":4,"column":28},"end":{"line":4,"column":30}}],"line":4},"1":{"loc":{"start":{"line":8,"column":16},"end":{"line":8,"column":27}},"type":"default-arg","locations":[{"start":{"line":8,"column":25},"end":{"line":8,"column":27}}],"line":8},"2":{"loc":{"start":{"line":13,"column":4},"end":{"line":13,"column":111}},"type":"if","locations":[{"start":{"line":13,"column":4},"end":{"line":13,"column":111}},{"start":{"line":13,"column":4},"end":{"line":13,"column":111}}],"line":13},"3":{"loc":{"start":{"line":14,"column":4},"end":{"line":14,"column":106}},"type":"if","locations":[{"start":{"line":14,"column":4},"end":{"line":14,"column":106}},{"start":{"line":14,"column":4},"end":{"line":14,"column":106}}],"line":14},"4":{"loc":{"start":{"line":15,"column":4},"end":{"line":15,"column":104}},"type":"if","locations":[{"start":{"line":15,"column":4},"end":{"line":15,"column":104}},{"start":{"line":15,"column":4},"end":{"line":15,"column":104}}],"line":15},"5":{"loc":{"start":{"line":16,"column":4},"end":{"line":16,"column":103}},"type":"if","locations":[{"start":{"line":16,"column":4},"end":{"line":16,"column":103}},{"start":{"line":16,"column":4},"end":{"line":16,"column":103}}],"line":16},"6":{"loc":{"start":{"line":17,"column":4},"end":{"line":17,"column":109}},"type":"if","locations":[{"start":{"line":17,"column":4},"end":{"line":17,"column":109}},{"start":{"line":17,"column":4},"end":{"line":17,"column":109}}],"line":17},"7":{"loc":{"start":{"line":18,"column":4},"end":{"line":18,"column":101}},"type":"if","locations":[{"start":{"line":18,"column":4},"end":{"line":18,"column":101}},{"start":{"line":18,"column":4},"end":{"line":18,"column":101}}],"line":18},"8":{"loc":{"start":{"line":19,"column":4},"end":{"line":19,"column":348}},"type":"if","locations":[{"start":{"line":19,"column":4},"end":{"line":19,"column":348}},{"start":{"line":19,"column":4},"end":{"line":19,"column":348}}],"line":19},"9":{"loc":{"start":{"line":19,"column":10},"end":{"line":19,"column":287}},"type":"binary-expr","locations":[{"start":{"line":19,"column":10},"end":{"line":19,"column":47}},{"start":{"line":19,"column":51},"end":{"line":19,"column":87}},{"start":{"line":19,"column":91},"end":{"line":19,"column":127}},{"start":{"line":19,"column":131},"end":{"line":19,"column":166}},{"start":{"line":19,"column":170},"end":{"line":19,"column":207}},{"start":{"line":19,"column":211},"end":{"line":19,"column":248}},{"start":{"line":19,"column":252},"end":{"line":19,"column":287}}],"line":19},"10":{"loc":{"start":{"line":22,"column":4},"end":{"line":22,"column":92}},"type":"if","locations":[{"start":{"line":22,"column":4},"end":{"line":22,"column":92}},{"start":{"line":22,"column":4},"end":{"line":22,"column":92}}],"line":22},"11":{"loc":{"start":{"line":28,"column":4},"end":{"line":28,"column":111}},"type":"if","locations":[{"start":{"line":28,"column":4},"end":{"line":28,"column":111}},{"start":{"line":28,"column":4},"end":{"line":28,"column":111}}],"line":28},"12":{"loc":{"start":{"line":29,"column":4},"end":{"line":29,"column":106}},"type":"if","locations":[{"start":{"line":29,"column":4},"end":{"line":29,"column":106}},{"start":{"line":29,"column":4},"end":{"line":29,"column":106}}],"line":29},"13":{"loc":{"start":{"line":30,"column":4},"end":{"line":30,"column":104}},"type":"if","locations":[{"start":{"line":30,"column":4},"end":{"line":30,"column":104}},{"start":{"line":30,"column":4},"end":{"line":30,"column":104}}],"line":30},"14":{"loc":{"start":{"line":31,"column":4},"end":{"line":31,"column":103}},"type":"if","locations":[{"start":{"line":31,"column":4},"end":{"line":31,"column":103}},{"start":{"line":31,"column":4},"end":{"line":31,"column":103}}],"line":31},"15":{"loc":{"start":{"line":32,"column":4},"end":{"line":32,"column":109}},"type":"if","locations":[{"start":{"line":32,"column":4},"end":{"line":32,"column":109}},{"start":{"line":32,"column":4},"end":{"line":32,"column":109}}],"line":32},"16":{"loc":{"start":{"line":33,"column":4},"end":{"line":33,"column":101}},"type":"if","locations":[{"start":{"line":33,"column":4},"end":{"line":33,"column":101}},{"start":{"line":33,"column":4},"end":{"line":33,"column":101}}],"line":33},"17":{"loc":{"start":{"line":34,"column":4},"end":{"line":34,"column":348}},"type":"if","locations":[{"start":{"line":34,"column":4},"end":{"line":34,"column":348}},{"start":{"line":34,"column":4},"end":{"line":34,"column":348}}],"line":34},"18":{"loc":{"start":{"line":34,"column":10},"end":{"line":34,"column":287}},"type":"binary-expr","locations":[{"start":{"line":34,"column":10},"end":{"line":34,"column":47}},{"start":{"line":34,"column":51},"end":{"line":34,"column":87}},{"start":{"line":34,"column":91},"end":{"line":34,"column":127}},{"start":{"line":34,"column":131},"end":{"line":34,"column":166}},{"start":{"line":34,"column":170},"end":{"line":34,"column":207}},{"start":{"line":34,"column":211},"end":{"line":34,"column":248}},{"start":{"line":34,"column":252},"end":{"line":34,"column":287}}],"line":34}},"s":{"0":9,"1":9,"2":9,"3":1,"4":9,"5":3,"6":9,"7":9,"8":1,"9":8,"10":1,"11":7,"12":1,"13":6,"14":1,"15":5,"16":1,"17":4,"18":1,"19":3,"20":1,"21":2,"22":2,"23":1,"24":1,"25":9,"26":8,"27":1,"28":7,"29":1,"30":6,"31":1,"32":5,"33":1,"34":4,"35":1,"36":3,"37":1,"38":2,"39":1,"40":1,"41":9,"42":1,"43":9},"f":{"0":9,"1":1,"2":3,"3":9,"4":8,"5":1},"b":{"0":[1],"1":[0],"2":[1,8],"3":[1,7],"4":[1,6],"5":[1,5],"6":[1,4],"7":[1,3],"8":[1,2],"9":[3,3,1,1,1,1,1],"10":[1,1],"11":[1,7],"12":[1,6],"13":[1,5],"14":[1,4],"15":[1,3],"16":[1,2],"17":[1,1],"18":[2,1,1,1,1,1,1]},"_coverageSchema":"332fd63041d2c1bcb487cc26dd0d5f7d97098a6c","hash":"d00955c2354e53b7493efc3f4c86e8750a57e7e8"}
,"C:\\Users\\ferma\\Dropbox\\My PC (LAPTOP-OQG2DRPV)\\Desktop\\Clone\\Tech4You-backend\\api\\src\\services\\publicClient.js": {"path":"C:\\Users\\ferma\\Dropbox\\My PC (LAPTOP-OQG2DRPV)\\Desktop\\Clone\\Tech4You-backend\\api\\src\\services\\publicClient.js","statementMap":{"0":{"start":{"line":1,"column":0},"end":{"line":9,"column":2}},"1":{"start":{"line":2,"column":15},"end":{"line":4,"column":3}},"2":{"start":{"line":3,"column":4},"end":{"line":3,"column":51}},"3":{"start":{"line":6,"column":2},"end":{"line":8,"column":4}}},"fnMap":{"0":{"name":"(anonymous_0)","decl":{"start":{"line":1,"column":17},"end":{"line":1,"column":18}},"loc":{"start":{"line":1,"column":26},"end":{"line":9,"column":1}},"line":1},"1":{"name":"(anonymous_1)","decl":{"start":{"line":2,"column":15},"end":{"line":2,"column":16}},"loc":{"start":{"line":2,"column":32},"end":{"line":4,"column":3}},"line":2}},"branchMap":{"0":{"loc":{"start":{"line":2,"column":16},"end":{"line":2,"column":27}},"type":"default-arg","locations":[{"start":{"line":2,"column":25},"end":{"line":2,"column":27}}],"line":2}},"s":{"0":9,"1":9,"2":1,"3":9},"f":{"0":9,"1":1},"b":{"0":[0]},"_coverageSchema":"332fd63041d2c1bcb487cc26dd0d5f7d97098a6c","hash":"9e17253e0b0007a073c78342c4c7b14a1204c478"}
,"C:\\Users\\ferma\\Dropbox\\My PC (LAPTOP-OQG2DRPV)\\Desktop\\Clone\\Tech4You-backend\\api\\src\\services\\publicEquipamento.js": {"path":"C:\\Users\\ferma\\Dropbox\\My PC (LAPTOP-OQG2DRPV)\\Desktop\\Clone\\Tech4You-backend\\api\\src\\services\\publicEquipamento.js","statementMap":{"0":{"start":{"line":1,"column":0},"end":{"line":9,"column":2}},"1":{"start":{"line":2,"column":15},"end":{"line":4,"column":3}},"2":{"start":{"line":3,"column":4},"end":{"line":3,"column":54}},"3":{"start":{"line":6,"column":2},"end":{"line":8,"column":4}}},"fnMap":{"0":{"name":"(anonymous_0)","decl":{"start":{"line":1,"column":17},"end":{"line":1,"column":18}},"loc":{"start":{"line":1,"column":26},"end":{"line":9,"column":1}},"line":1},"1":{"name":"(anonymous_1)","decl":{"start":{"line":2,"column":15},"end":{"line":2,"column":16}},"loc":{"start":{"line":2,"column":32},"end":{"line":4,"column":3}},"line":2}},"branchMap":{"0":{"loc":{"start":{"line":2,"column":16},"end":{"line":2,"column":27}},"type":"default-arg","locations":[{"start":{"line":2,"column":25},"end":{"line":2,"column":27}}],"line":2}},"s":{"0":9,"1":9,"2":1,"3":9},"f":{"0":9,"1":1},"b":{"0":[0]},"_coverageSchema":"332fd63041d2c1bcb487cc26dd0d5f7d97098a6c","hash":"16aac3bc82cca1b35cdb0e7ef1490e521ca049f6"}
,"C:\\Users\\ferma\\Dropbox\\My PC (LAPTOP-OQG2DRPV)\\Desktop\\Clone\\Tech4You-backend\\api\\src\\services\\publicService.js": {"path":"C:\\Users\\ferma\\Dropbox\\My PC (LAPTOP-OQG2DRPV)\\Desktop\\Clone\\Tech4You-backend\\api\\src\\services\\publicService.js","statementMap":{"0":{"start":{"line":1,"column":0},"end":{"line":9,"column":2}},"1":{"start":{"line":2,"column":15},"end":{"line":4,"column":3}},"2":{"start":{"line":3,"column":4},"end":{"line":3,"column":52}},"3":{"start":{"line":6,"column":2},"end":{"line":8,"column":4}}},"fnMap":{"0":{"name":"(anonymous_0)","decl":{"start":{"line":1,"column":17},"end":{"line":1,"column":18}},"loc":{"start":{"line":1,"column":26},"end":{"line":9,"column":1}},"line":1},"1":{"name":"(anonymous_1)","decl":{"start":{"line":2,"column":15},"end":{"line":2,"column":16}},"loc":{"start":{"line":2,"column":32},"end":{"line":4,"column":3}},"line":2}},"branchMap":{"0":{"loc":{"start":{"line":2,"column":16},"end":{"line":2,"column":27}},"type":"default-arg","locations":[{"start":{"line":2,"column":25},"end":{"line":2,"column":27}}],"line":2}},"s":{"0":9,"1":9,"2":1,"3":9},"f":{"0":9,"1":1},"b":{"0":[0]},"_coverageSchema":"332fd63041d2c1bcb487cc26dd0d5f7d97098a6c","hash":"39e34fba599f37fc57108a82490cf0795813ba18"}
,"C:\\Users\\ferma\\Dropbox\\My PC (LAPTOP-OQG2DRPV)\\Desktop\\Clone\\Tech4You-backend\\api\\src\\services\\service.js": {"path":"C:\\Users\\ferma\\Dropbox\\My PC (LAPTOP-OQG2DRPV)\\Desktop\\Clone\\Tech4You-backend\\api\\src\\services\\service.js","statementMap":{"0":{"start":{"line":1,"column":24},"end":{"line":1,"column":60}},"1":{"start":{"line":3,"column":0},"end":{"line":53,"column":2}},"2":{"start":{"line":4,"column":15},"end":{"line":6,"column":3}},"3":{"start":{"line":5,"column":4},"end":{"line":5,"column":52}},"4":{"start":{"line":8,"column":15},"end":{"line":21,"column":3}},"5":{"start":{"line":9,"column":4},"end":{"line":9,"column":89}},"6":{"start":{"line":9,"column":25},"end":{"line":9,"column":89}},"7":{"start":{"line":10,"column":4},"end":{"line":10,"column":97}},"8":{"start":{"line":10,"column":30},"end":{"line":10,"column":97}},"9":{"start":{"line":11,"column":4},"end":{"line":11,"column":103}},"10":{"start":{"line":11,"column":31},"end":{"line":11,"column":103}},"11":{"start":{"line":12,"column":4},"end":{"line":12,"column":100}},"12":{"start":{"line":12,"column":28},"end":{"line":12,"column":100}},"13":{"start":{"line":13,"column":4},"end":{"line":13,"column":112}},"14":{"start":{"line":13,"column":26},"end":{"line":13,"column":112}},"15":{"start":{"line":14,"column":4},"end":{"line":14,"column":99}},"16":{"start":{"line":14,"column":24},"end":{"line":14,"column":99}},"17":{"start":{"line":15,"column":4},"end":{"line":15,"column":101}},"18":{"start":{"line":15,"column":29},"end":{"line":15,"column":101}},"19":{"start":{"line":16,"column":4},"end":{"line":16,"column":115}},"20":{"start":{"line":16,"column":32},"end":{"line":16,"column":115}},"21":{"start":{"line":17,"column":4},"end":{"line":17,"column":106}},"22":{"start":{"line":17,"column":31},"end":{"line":17,"column":106}},"23":{"start":{"line":18,"column":4},"end":{"line":18,"column":158}},"24":{"start":{"line":18,"column":105},"end":{"line":18,"column":158}},"25":{"start":{"line":20,"column":4},"end":{"line":20,"column":51}},"26":{"start":{"line":23,"column":18},"end":{"line":25,"column":3}},"27":{"start":{"line":24,"column":4},"end":{"line":24,"column":30}},"28":{"start":{"line":27,"column":17},"end":{"line":42,"column":3}},"29":{"start":{"line":28,"column":4},"end":{"line":28,"column":89}},"30":{"start":{"line":28,"column":25},"end":{"line":28,"column":89}},"31":{"start":{"line":29,"column":4},"end":{"line":29,"column":97}},"32":{"start":{"line":29,"column":30},"end":{"line":29,"column":97}},"33":{"start":{"line":30,"column":4},"end":{"line":30,"column":103}},"34":{"start":{"line":30,"column":31},"end":{"line":30,"column":103}},"35":{"start":{"line":31,"column":4},"end":{"line":31,"column":100}},"36":{"start":{"line":31,"column":28},"end":{"line":31,"column":100}},"37":{"start":{"line":32,"column":4},"end":{"line":32,"column":112}},"38":{"start":{"line":32,"column":26},"end":{"line":32,"column":112}},"39":{"start":{"line":33,"column":4},"end":{"line":33,"column":99}},"40":{"start":{"line":33,"column":24},"end":{"line":33,"column":99}},"41":{"start":{"line":34,"column":4},"end":{"line":34,"column":101}},"42":{"start":{"line":34,"column":29},"end":{"line":34,"column":101}},"43":{"start":{"line":35,"column":4},"end":{"line":35,"column":115}},"44":{"start":{"line":35,"column":32},"end":{"line":35,"column":115}},"45":{"start":{"line":36,"column":4},"end":{"line":36,"column":106}},"46":{"start":{"line":36,"column":31},"end":{"line":36,"column":106}},"47":{"start":{"line":37,"column":4},"end":{"line":37,"column":158}},"48":{"start":{"line":37,"column":105},"end":{"line":37,"column":158}},"49":{"start":{"line":39,"column":4},"end":{"line":41,"column":28}},"50":{"start":{"line":44,"column":17},"end":{"line":48,"column":3}},"51":{"start":{"line":45,"column":4},"end":{"line":47,"column":13}},"52":{"start":{"line":50,"column":2},"end":{"line":52,"column":4}}},"fnMap":{"0":{"name":"(anonymous_0)","decl":{"start":{"line":3,"column":17},"end":{"line":3,"column":18}},"loc":{"start":{"line":3,"column":26},"end":{"line":53,"column":1}},"line":3},"1":{"name":"(anonymous_1)","decl":{"start":{"line":4,"column":15},"end":{"line":4,"column":16}},"loc":{"start":{"line":4,"column":32},"end":{"line":6,"column":3}},"line":4},"2":{"name":"(anonymous_2)","decl":{"start":{"line":8,"column":15},"end":{"line":8,"column":16}},"loc":{"start":{"line":8,"column":34},"end":{"line":21,"column":3}},"line":8},"3":{"name":"(anonymous_3)","decl":{"start":{"line":23,"column":18},"end":{"line":23,"column":19}},"loc":{"start":{"line":23,"column":24},"end":{"line":25,"column":3}},"line":23},"4":{"name":"(anonymous_4)","decl":{"start":{"line":27,"column":17},"end":{"line":27,"column":18}},"loc":{"start":{"line":27,"column":34},"end":{"line":42,"column":3}},"line":27},"5":{"name":"(anonymous_5)","decl":{"start":{"line":44,"column":17},"end":{"line":44,"column":18}},"loc":{"start":{"line":44,"column":25},"end":{"line":48,"column":3}},"line":44}},"branchMap":{"0":{"loc":{"start":{"line":4,"column":16},"end":{"line":4,"column":27}},"type":"default-arg","locations":[{"start":{"line":4,"column":25},"end":{"line":4,"column":27}}],"line":4},"1":{"loc":{"start":{"line":9,"column":4},"end":{"line":9,"column":89}},"type":"if","locations":[{"start":{"line":9,"column":4},"end":{"line":9,"column":89}},{"start":{"line":9,"column":4},"end":{"line":9,"column":89}}],"line":9},"2":{"loc":{"start":{"line":10,"column":4},"end":{"line":10,"column":97}},"type":"if","locations":[{"start":{"line":10,"column":4},"end":{"line":10,"column":97}},{"start":{"line":10,"column":4},"end":{"line":10,"column":97}}],"line":10},"3":{"loc":{"start":{"line":11,"column":4},"end":{"line":11,"column":103}},"type":"if","locations":[{"start":{"line":11,"column":4},"end":{"line":11,"column":103}},{"start":{"line":11,"column":4},"end":{"line":11,"column":103}}],"line":11},"4":{"loc":{"start":{"line":12,"column":4},"end":{"line":12,"column":100}},"type":"if","locations":[{"start":{"line":12,"column":4},"end":{"line":12,"column":100}},{"start":{"line":12,"column":4},"end":{"line":12,"column":100}}],"line":12},"5":{"loc":{"start":{"line":13,"column":4},"end":{"line":13,"column":112}},"type":"if","locations":[{"start":{"line":13,"column":4},"end":{"line":13,"column":112}},{"start":{"line":13,"column":4},"end":{"line":13,"column":112}}],"line":13},"6":{"loc":{"start":{"line":14,"column":4},"end":{"line":14,"column":99}},"type":"if","locations":[{"start":{"line":14,"column":4},"end":{"line":14,"column":99}},{"start":{"line":14,"column":4},"end":{"line":14,"column":99}}],"line":14},"7":{"loc":{"start":{"line":15,"column":4},"end":{"line":15,"column":101}},"type":"if","locations":[{"start":{"line":15,"column":4},"end":{"line":15,"column":101}},{"start":{"line":15,"column":4},"end":{"line":15,"column":101}}],"line":15},"8":{"loc":{"start":{"line":16,"column":4},"end":{"line":16,"column":115}},"type":"if","locations":[{"start":{"line":16,"column":4},"end":{"line":16,"column":115}},{"start":{"line":16,"column":4},"end":{"line":16,"column":115}}],"line":16},"9":{"loc":{"start":{"line":17,"column":4},"end":{"line":17,"column":106}},"type":"if","locations":[{"start":{"line":17,"column":4},"end":{"line":17,"column":106}},{"start":{"line":17,"column":4},"end":{"line":17,"column":106}}],"line":17},"10":{"loc":{"start":{"line":18,"column":4},"end":{"line":18,"column":158}},"type":"if","locations":[{"start":{"line":18,"column":4},"end":{"line":18,"column":158}},{"start":{"line":18,"column":4},"end":{"line":18,"column":158}}],"line":18},"11":{"loc":{"start":{"line":18,"column":10},"end":{"line":18,"column":102}},"type":"binary-expr","locations":[{"start":{"line":18,"column":10},"end":{"line":18,"column":36}},{"start":{"line":18,"column":40},"end":{"line":18,"column":68}},{"start":{"line":18,"column":72},"end":{"line":18,"column":102}}],"line":18},"12":{"loc":{"start":{"line":28,"column":4},"end":{"line":28,"column":89}},"type":"if","locations":[{"start":{"line":28,"column":4},"end":{"line":28,"column":89}},{"start":{"line":28,"column":4},"end":{"line":28,"column":89}}],"line":28},"13":{"loc":{"start":{"line":29,"column":4},"end":{"line":29,"column":97}},"type":"if","locations":[{"start":{"line":29,"column":4},"end":{"line":29,"column":97}},{"start":{"line":29,"column":4},"end":{"line":29,"column":97}}],"line":29},"14":{"loc":{"start":{"line":30,"column":4},"end":{"line":30,"column":103}},"type":"if","locations":[{"start":{"line":30,"column":4},"end":{"line":30,"column":103}},{"start":{"line":30,"column":4},"end":{"line":30,"column":103}}],"line":30},"15":{"loc":{"start":{"line":31,"column":4},"end":{"line":31,"column":100}},"type":"if","locations":[{"start":{"line":31,"column":4},"end":{"line":31,"column":100}},{"start":{"line":31,"column":4},"end":{"line":31,"column":100}}],"line":31},"16":{"loc":{"start":{"line":32,"column":4},"end":{"line":32,"column":112}},"type":"if","locations":[{"start":{"line":32,"column":4},"end":{"line":32,"column":112}},{"start":{"line":32,"column":4},"end":{"line":32,"column":112}}],"line":32},"17":{"loc":{"start":{"line":33,"column":4},"end":{"line":33,"column":99}},"type":"if","locations":[{"start":{"line":33,"column":4},"end":{"line":33,"column":99}},{"start":{"line":33,"column":4},"end":{"line":33,"column":99}}],"line":33},"18":{"loc":{"start":{"line":34,"column":4},"end":{"line":34,"column":101}},"type":"if","locations":[{"start":{"line":34,"column":4},"end":{"line":34,"column":101}},{"start":{"line":34,"column":4},"end":{"line":34,"column":101}}],"line":34},"19":{"loc":{"start":{"line":35,"column":4},"end":{"line":35,"column":115}},"type":"if","locations":[{"start":{"line":35,"column":4},"end":{"line":35,"column":115}},{"start":{"line":35,"column":4},"end":{"line":35,"column":115}}],"line":35},"20":{"loc":{"start":{"line":36,"column":4},"end":{"line":36,"column":106}},"type":"if","locations":[{"start":{"line":36,"column":4},"end":{"line":36,"column":106}},{"start":{"line":36,"column":4},"end":{"line":36,"column":106}}],"line":36},"21":{"loc":{"start":{"line":37,"column":4},"end":{"line":37,"column":158}},"type":"if","locations":[{"start":{"line":37,"column":4},"end":{"line":37,"column":158}},{"start":{"line":37,"column":4},"end":{"line":37,"column":158}}],"line":37},"22":{"loc":{"start":{"line":37,"column":10},"end":{"line":37,"column":102}},"type":"binary-expr","locations":[{"start":{"line":37,"column":10},"end":{"line":37,"column":36}},{"start":{"line":37,"column":40},"end":{"line":37,"column":68}},{"start":{"line":37,"column":72},"end":{"line":37,"column":102}}],"line":37}},"s":{"0":9,"1":9,"2":9,"3":1,"4":9,"5":11,"6":1,"7":10,"8":1,"9":9,"10":1,"11":8,"12":1,"13":7,"14":1,"15":6,"16":1,"17":5,"18":1,"19":4,"20":1,"21":3,"22":1,"23":2,"24":1,"25":1,"26":9,"27":1,"28":9,"29":11,"30":1,"31":10,"32":1,"33":9,"34":1,"35":8,"36":1,"37":7,"38":1,"39":6,"40":1,"41":5,"42":1,"43":4,"44":1,"45":3,"46":1,"47":2,"48":1,"49":1,"50":9,"51":1,"52":9},"f":{"0":9,"1":1,"2":11,"3":1,"4":11,"5":1},"b":{"0":[0],"1":[1,10],"2":[1,9],"3":[1,8],"4":[1,7],"5":[1,6],"6":[1,5],"7":[1,4],"8":[1,3],"9":[1,2],"10":[1,1],"11":[2,2,1],"12":[1,10],"13":[1,9],"14":[1,8],"15":[1,7],"16":[1,6],"17":[1,5],"18":[1,4],"19":[1,3],"20":[1,2],"21":[1,1],"22":[2,2,1]},"_coverageSchema":"332fd63041d2c1bcb487cc26dd0d5f7d97098a6c","hash":"f45df267058eb510f000421461f8b0e4b84558dd"}
,"C:\\Users\\ferma\\Dropbox\\My PC (LAPTOP-OQG2DRPV)\\Desktop\\Clone\\Tech4You-backend\\api\\src\\services\\technician.js": {"path":"C:\\Users\\ferma\\Dropbox\\My PC (LAPTOP-OQG2DRPV)\\Desktop\\Clone\\Tech4You-backend\\api\\src\\services\\technician.js","statementMap":{"0":{"start":{"line":1,"column":15},"end":{"line":1,"column":39}},"1":{"start":{"line":2,"column":24},"end":{"line":2,"column":60}},"2":{"start":{"line":4,"column":0},"end":{"line":54,"column":2}},"3":{"start":{"line":5,"column":18},"end":{"line":7,"column":3}},"4":{"start":{"line":6,"column":4},"end":{"line":6,"column":102}},"5":{"start":{"line":9,"column":15},"end":{"line":11,"column":3}},"6":{"start":{"line":10,"column":4},"end":{"line":10,"column":55}},"7":{"start":{"line":13,"column":26},"end":{"line":16,"column":3}},"8":{"start":{"line":14,"column":17},"end":{"line":14,"column":39}},"9":{"start":{"line":15,"column":4},"end":{"line":15,"column":43}},"10":{"start":{"line":18,"column":15},"end":{"line":31,"column":3}},"11":{"start":{"line":19,"column":4},"end":{"line":19,"column":88}},"12":{"start":{"line":19,"column":26},"end":{"line":19,"column":88}},"13":{"start":{"line":20,"column":4},"end":{"line":20,"column":90}},"14":{"start":{"line":20,"column":27},"end":{"line":20,"column":90}},"15":{"start":{"line":21,"column":4},"end":{"line":21,"column":101}},"16":{"start":{"line":21,"column":30},"end":{"line":21,"column":101}},"17":{"start":{"line":22,"column":4},"end":{"line":22,"column":93}},"18":{"start":{"line":22,"column":29},"end":{"line":22,"column":93}},"19":{"start":{"line":23,"column":4},"end":{"line":23,"column":106}},"20":{"start":{"line":23,"column":30},"end":{"line":23,"column":106}},"21":{"start":{"line":25,"column":25},"end":{"line":25,"column":64}},"22":{"start":{"line":26,"column":4},"end":{"line":26,"column":73}},"23":{"start":{"line":26,"column":22},"end":{"line":26,"column":73}},"24":{"start":{"line":28,"column":26},"end":{"line":28,"column":43}},"25":{"start":{"line":29,"column":4},"end":{"line":29,"column":66}},"26":{"start":{"line":30,"column":4},"end":{"line":30,"column":103}},"27":{"start":{"line":33,"column":17},"end":{"line":43,"column":3}},"28":{"start":{"line":34,"column":4},"end":{"line":34,"column":88}},"29":{"start":{"line":34,"column":26},"end":{"line":34,"column":88}},"30":{"start":{"line":35,"column":4},"end":{"line":35,"column":90}},"31":{"start":{"line":35,"column":27},"end":{"line":35,"column":90}},"32":{"start":{"line":36,"column":4},"end":{"line":36,"column":101}},"33":{"start":{"line":36,"column":30},"end":{"line":36,"column":101}},"34":{"start":{"line":37,"column":4},"end":{"line":37,"column":93}},"35":{"start":{"line":37,"column":29},"end":{"line":37,"column":93}},"36":{"start":{"line":38,"column":4},"end":{"line":38,"column":106}},"37":{"start":{"line":38,"column":30},"end":{"line":38,"column":106}},"38":{"start":{"line":40,"column":4},"end":{"line":42,"column":31}},"39":{"start":{"line":45,"column":17},"end":{"line":49,"column":3}},"40":{"start":{"line":46,"column":4},"end":{"line":48,"column":13}},"41":{"start":{"line":51,"column":2},"end":{"line":53,"column":4}}},"fnMap":{"0":{"name":"(anonymous_0)","decl":{"start":{"line":4,"column":17},"end":{"line":4,"column":18}},"loc":{"start":{"line":4,"column":26},"end":{"line":54,"column":1}},"line":4},"1":{"name":"(anonymous_1)","decl":{"start":{"line":5,"column":18},"end":{"line":5,"column":19}},"loc":{"start":{"line":5,"column":35},"end":{"line":7,"column":3}},"line":5},"2":{"name":"(anonymous_2)","decl":{"start":{"line":9,"column":15},"end":{"line":9,"column":16}},"loc":{"start":{"line":9,"column":32},"end":{"line":11,"column":3}},"line":9},"3":{"name":"(anonymous_3)","decl":{"start":{"line":13,"column":26},"end":{"line":13,"column":27}},"loc":{"start":{"line":13,"column":40},"end":{"line":16,"column":3}},"line":13},"4":{"name":"(anonymous_4)","decl":{"start":{"line":18,"column":15},"end":{"line":18,"column":16}},"loc":{"start":{"line":18,"column":37},"end":{"line":31,"column":3}},"line":18},"5":{"name":"(anonymous_5)","decl":{"start":{"line":33,"column":17},"end":{"line":33,"column":18}},"loc":{"start":{"line":33,"column":43},"end":{"line":43,"column":3}},"line":33},"6":{"name":"(anonymous_6)","decl":{"start":{"line":45,"column":17},"end":{"line":45,"column":18}},"loc":{"start":{"line":45,"column":25},"end":{"line":49,"column":3}},"line":45}},"branchMap":{"0":{"loc":{"start":{"line":5,"column":19},"end":{"line":5,"column":30}},"type":"default-arg","locations":[{"start":{"line":5,"column":28},"end":{"line":5,"column":30}}],"line":5},"1":{"loc":{"start":{"line":9,"column":16},"end":{"line":9,"column":27}},"type":"default-arg","locations":[{"start":{"line":9,"column":25},"end":{"line":9,"column":27}}],"line":9},"2":{"loc":{"start":{"line":19,"column":4},"end":{"line":19,"column":88}},"type":"if","locations":[{"start":{"line":19,"column":4},"end":{"line":19,"column":88}},{"start":{"line":19,"column":4},"end":{"line":19,"column":88}}],"line":19},"3":{"loc":{"start":{"line":20,"column":4},"end":{"line":20,"column":90}},"type":"if","locations":[{"start":{"line":20,"column":4},"end":{"line":20,"column":90}},{"start":{"line":20,"column":4},"end":{"line":20,"column":90}}],"line":20},"4":{"loc":{"start":{"line":21,"column":4},"end":{"line":21,"column":101}},"type":"if","locations":[{"start":{"line":21,"column":4},"end":{"line":21,"column":101}},{"start":{"line":21,"column":4},"end":{"line":21,"column":101}}],"line":21},"5":{"loc":{"start":{"line":22,"column":4},"end":{"line":22,"column":93}},"type":"if","locations":[{"start":{"line":22,"column":4},"end":{"line":22,"column":93}},{"start":{"line":22,"column":4},"end":{"line":22,"column":93}}],"line":22},"6":{"loc":{"start":{"line":23,"column":4},"end":{"line":23,"column":106}},"type":"if","locations":[{"start":{"line":23,"column":4},"end":{"line":23,"column":106}},{"start":{"line":23,"column":4},"end":{"line":23,"column":106}}],"line":23},"7":{"loc":{"start":{"line":26,"column":4},"end":{"line":26,"column":73}},"type":"if","locations":[{"start":{"line":26,"column":4},"end":{"line":26,"column":73}},{"start":{"line":26,"column":4},"end":{"line":26,"column":73}}],"line":26},"8":{"loc":{"start":{"line":34,"column":4},"end":{"line":34,"column":88}},"type":"if","locations":[{"start":{"line":34,"column":4},"end":{"line":34,"column":88}},{"start":{"line":34,"column":4},"end":{"line":34,"column":88}}],"line":34},"9":{"loc":{"start":{"line":35,"column":4},"end":{"line":35,"column":90}},"type":"if","locations":[{"start":{"line":35,"column":4},"end":{"line":35,"column":90}},{"start":{"line":35,"column":4},"end":{"line":35,"column":90}}],"line":35},"10":{"loc":{"start":{"line":36,"column":4},"end":{"line":36,"column":101}},"type":"if","locations":[{"start":{"line":36,"column":4},"end":{"line":36,"column":101}},{"start":{"line":36,"column":4},"end":{"line":36,"column":101}}],"line":36},"11":{"loc":{"start":{"line":37,"column":4},"end":{"line":37,"column":93}},"type":"if","locations":[{"start":{"line":37,"column":4},"end":{"line":37,"column":93}},{"start":{"line":37,"column":4},"end":{"line":37,"column":93}}],"line":37},"12":{"loc":{"start":{"line":38,"column":4},"end":{"line":38,"column":106}},"type":"if","locations":[{"start":{"line":38,"column":4},"end":{"line":38,"column":106}},{"start":{"line":38,"column":4},"end":{"line":38,"column":106}}],"line":38}},"s":{"0":9,"1":9,"2":9,"3":9,"4":1,"5":9,"6":84,"7":9,"8":5,"9":5,"10":9,"11":11,"12":1,"13":10,"14":1,"15":9,"16":1,"17":8,"18":1,"19":7,"20":1,"21":6,"22":6,"23":1,"24":5,"25":5,"26":5,"27":9,"28":6,"29":1,"30":5,"31":1,"32":4,"33":1,"34":3,"35":1,"36":2,"37":1,"38":1,"39":9,"40":1,"41":9},"f":{"0":9,"1":1,"2":84,"3":5,"4":11,"5":6,"6":1},"b":{"0":[1],"1":[0],"2":[1,10],"3":[1,9],"4":[1,8],"5":[1,7],"6":[1,6],"7":[1,5],"8":[1,5],"9":[1,4],"10":[1,3],"11":[1,2],"12":[1,1]},"_coverageSchema":"332fd63041d2c1bcb487cc26dd0d5f7d97098a6c","hash":"b1c5b944cfd2b5f955299e5fe475d48b1d1dc204"}
}
