TN:
SF:C:\Users\ferma\Dropbox\My PC (LAPTOP-OQG2DRPV)\Desktop\Tech4You-backend\api\knexfile.js
FNF:0
FNH:0
DA:1,6
LF:1
LH:1
BRF:0
BRH:0
end_of_record
TN:
SF:C:\Users\ferma\Dropbox\My PC (LAPTOP-OQG2DRPV)\Desktop\Tech4You-backend\api\src\app.js
FN:21,(anonymous_0)
FN:25,(anonymous_1)
FNF:2
FNH:2
FNDA:1,(anonymous_0)
FNDA:62,(anonymous_1)
DA:1,6
DA:2,6
DA:4,6
DA:6,6
DA:7,6
DA:9,6
DA:11,6
DA:13,6
DA:21,6
DA:22,1
DA:25,6
DA:26,62
DA:27,62
DA:28,0
DA:29,62
DA:32,6
LF:16
LH:15
BRDA:27,0,0,62
BRDA:27,0,1,0
BRF:2
BRH:1
end_of_record
TN:
SF:C:\Users\ferma\Dropbox\My PC (LAPTOP-OQG2DRPV)\Desktop\Tech4You-backend\api\src\config\middlewares.js
FN:3,(anonymous_0)
FNF:1
FNH:1
FNDA:6,(anonymous_0)
DA:1,6
DA:3,6
DA:4,6
LF:3
LH:3
BRF:0
BRH:0
end_of_record
TN:
SF:C:\Users\ferma\Dropbox\My PC (LAPTOP-OQG2DRPV)\Desktop\Tech4You-backend\api\src\config\passport.js
FN:8,(anonymous_0)
FN:14,(anonymous_1)
FN:16,(anonymous_2)
FN:20,(anonymous_3)
FN:26,(anonymous_4)
FNF:5
FNH:4
FNDA:6,(anonymous_0)
FNDA:73,(anonymous_1)
FNDA:73,(anonymous_2)
FNDA:0,(anonymous_3)
FNDA:6,(anonymous_4)
DA:1,6
DA:2,6
DA:4,6
DA:6,6
DA:8,6
DA:9,6
DA:14,6
DA:15,73
DA:17,73
DA:18,0
DA:20,0
DA:23,6
DA:25,6
DA:26,6
LF:14
LH:12
BRDA:17,0,0,73
BRDA:17,0,1,0
BRF:2
BRH:1
end_of_record
TN:
SF:C:\Users\ferma\Dropbox\My PC (LAPTOP-OQG2DRPV)\Desktop\Tech4You-backend\api\src\config\router.js
FN:4,(anonymous_0)
FNF:1
FNH:1
FNDA:6,(anonymous_0)
DA:1,6
DA:2,6
DA:4,6
DA:5,6
DA:7,6
DA:8,6
DA:10,6
DA:11,6
DA:12,6
DA:13,6
DA:15,6
DA:16,6
DA:17,6
DA:19,6
DA:20,6
LF:15
LH:15
BRF:0
BRH:0
end_of_record
TN:
SF:C:\Users\ferma\Dropbox\My PC (LAPTOP-OQG2DRPV)\Desktop\Tech4You-backend\api\src\errors\validationError.js
FN:1,ValidationError
FNF:1
FNH:1
FNDA:62,ValidationError
DA:1,6
DA:2,62
DA:3,62
LF:3
LH:3
BRF:0
BRH:0
end_of_record
TN:
SF:C:\Users\ferma\Dropbox\My PC (LAPTOP-OQG2DRPV)\Desktop\Tech4You-backend\api\src\routes\auths.js
FN:8,(anonymous_0)
FN:11,(anonymous_1)
FN:13,(anonymous_2)
FN:26,(anonymous_3)
FN:29,(anonymous_4)
FNF:5
FNH:5
FNDA:6,(anonymous_0)
FNDA:3,(anonymous_1)
FNDA:3,(anonymous_2)
FNDA:2,(anonymous_3)
FNDA:9,(anonymous_4)
DA:1,6
DA:2,6
DA:3,6
DA:4,6
DA:6,6
DA:8,6
DA:9,6
DA:11,6
DA:12,3
DA:14,3
DA:15,2
DA:16,1
DA:23,1
DA:24,1
DA:25,1
DA:26,2
DA:29,6
DA:30,9
DA:31,9
DA:32,3
DA:34,6
DA:38,6
LF:22
LH:22
BRDA:14,0,0,1
BRDA:14,0,1,2
BRDA:15,1,0,1
BRDA:15,1,1,1
BRF:4
BRH:4
end_of_record
TN:
SF:C:\Users\ferma\Dropbox\My PC (LAPTOP-OQG2DRPV)\Desktop\Tech4You-backend\api\src\routes\clients.js
FN:3,(anonymous_0)
FN:6,(anonymous_1)
FN:8,(anonymous_2)
FN:9,(anonymous_3)
FN:12,(anonymous_4)
FN:21,(anonymous_5)
FN:23,(anonymous_6)
FN:24,(anonymous_7)
FN:27,(anonymous_8)
FN:29,(anonymous_9)
FN:30,(anonymous_10)
FN:33,(anonymous_11)
FN:35,(anonymous_12)
FN:36,(anonymous_13)
FNF:14
FNH:11
FNDA:6,(anonymous_0)
FNDA:1,(anonymous_1)
FNDA:1,(anonymous_2)
FNDA:0,(anonymous_3)
FNDA:9,(anonymous_4)
FNDA:1,(anonymous_5)
FNDA:1,(anonymous_6)
FNDA:0,(anonymous_7)
FNDA:7,(anonymous_8)
FNDA:1,(anonymous_9)
FNDA:6,(anonymous_10)
FNDA:1,(anonymous_11)
FNDA:1,(anonymous_12)
FNDA:0,(anonymous_13)
DA:1,6
DA:3,6
DA:4,6
DA:6,6
DA:7,1
DA:8,1
DA:9,0
DA:12,6
DA:13,9
DA:14,9
DA:15,1
DA:17,8
DA:21,6
DA:22,1
DA:23,1
DA:24,0
DA:27,6
DA:28,7
DA:29,1
DA:30,6
DA:33,6
DA:34,1
DA:35,1
DA:36,0
DA:39,6
LF:25
LH:22
BRF:0
BRH:0
end_of_record
TN:
SF:C:\Users\ferma\Dropbox\My PC (LAPTOP-OQG2DRPV)\Desktop\Tech4You-backend\api\src\routes\equipments.js
FN:3,(anonymous_0)
FN:6,(anonymous_1)
FN:8,(anonymous_2)
FN:10,(anonymous_3)
FN:15,(anonymous_4)
FN:17,(anonymous_5)
FN:18,(anonymous_6)
FN:21,(anonymous_7)
FN:23,(anonymous_8)
FN:24,(anonymous_9)
FN:27,(anonymous_10)
FN:29,(anonymous_11)
FN:30,(anonymous_12)
FN:33,(anonymous_13)
FN:35,(anonymous_14)
FN:36,(anonymous_15)
FNF:16
FNH:13
FNDA:6,(anonymous_0)
FNDA:9,(anonymous_1)
FNDA:1,(anonymous_2)
FNDA:8,(anonymous_3)
FNDA:1,(anonymous_4)
FNDA:1,(anonymous_5)
FNDA:0,(anonymous_6)
FNDA:1,(anonymous_7)
FNDA:1,(anonymous_8)
FNDA:0,(anonymous_9)
FNDA:8,(anonymous_10)
FNDA:1,(anonymous_11)
FNDA:7,(anonymous_12)
FNDA:1,(anonymous_13)
FNDA:1,(anonymous_14)
FNDA:0,(anonymous_15)
DA:1,6
DA:3,6
DA:4,6
DA:6,6
DA:7,9
DA:9,1
DA:11,8
DA:15,6
DA:16,1
DA:17,1
DA:18,0
DA:21,6
DA:22,1
DA:23,1
DA:24,0
DA:27,6
DA:28,8
DA:29,1
DA:30,7
DA:33,6
DA:34,1
DA:35,1
DA:36,0
DA:39,6
LF:24
LH:21
BRF:0
BRH:0
end_of_record
TN:
SF:C:\Users\ferma\Dropbox\My PC (LAPTOP-OQG2DRPV)\Desktop\Tech4You-backend\api\src\routes\services.js
FN:3,(anonymous_0)
FN:6,(anonymous_1)
FN:8,(anonymous_2)
FN:10,(anonymous_3)
FN:15,(anonymous_4)
FN:17,(anonymous_5)
FN:18,(anonymous_6)
FN:21,(anonymous_7)
FN:23,(anonymous_8)
FN:24,(anonymous_9)
FN:27,(anonymous_10)
FN:29,(anonymous_11)
FN:30,(anonymous_12)
FN:33,(anonymous_13)
FN:35,(anonymous_14)
FN:36,(anonymous_15)
FNF:16
FNH:12
FNDA:6,(anonymous_0)
FNDA:11,(anonymous_1)
FNDA:1,(anonymous_2)
FNDA:10,(anonymous_3)
FNDA:1,(anonymous_4)
FNDA:1,(anonymous_5)
FNDA:0,(anonymous_6)
FNDA:1,(anonymous_7)
FNDA:1,(anonymous_8)
FNDA:0,(anonymous_9)
FNDA:11,(anonymous_10)
FNDA:1,(anonymous_11)
FNDA:0,(anonymous_12)
FNDA:1,(anonymous_13)
FNDA:1,(anonymous_14)
FNDA:0,(anonymous_15)
DA:1,6
DA:3,6
DA:4,6
DA:6,6
DA:7,11
DA:9,1
DA:11,10
DA:15,6
DA:16,1
DA:17,1
DA:18,0
DA:21,6
DA:22,1
DA:23,1
DA:24,0
DA:27,6
DA:28,11
DA:29,1
DA:30,0
DA:33,6
DA:34,1
DA:35,1
DA:36,0
DA:39,6
LF:24
LH:20
BRF:0
BRH:0
end_of_record
TN:
SF:C:\Users\ferma\Dropbox\My PC (LAPTOP-OQG2DRPV)\Desktop\Tech4You-backend\api\src\routes\technicians.js
FN:3,(anonymous_0)
FN:6,(anonymous_1)
FN:8,(anonymous_2)
FN:9,(anonymous_3)
FN:12,(anonymous_4)
FN:14,(anonymous_5)
FN:15,(anonymous_6)
FN:18,(anonymous_7)
FN:20,(anonymous_8)
FN:21,(anonymous_9)
FN:24,(anonymous_10)
FN:26,(anonymous_11)
FN:27,(anonymous_12)
FNF:13
FNH:10
FNDA:6,(anonymous_0)
FNDA:1,(anonymous_1)
FNDA:1,(anonymous_2)
FNDA:0,(anonymous_3)
FNDA:1,(anonymous_4)
FNDA:1,(anonymous_5)
FNDA:0,(anonymous_6)
FNDA:6,(anonymous_7)
FNDA:1,(anonymous_8)
FNDA:5,(anonymous_9)
FNDA:1,(anonymous_10)
FNDA:1,(anonymous_11)
FNDA:0,(anonymous_12)
DA:1,6
DA:3,6
DA:4,6
DA:6,6
DA:7,1
DA:8,1
DA:9,0
DA:12,6
DA:13,1
DA:14,1
DA:15,0
DA:18,6
DA:19,6
DA:20,1
DA:21,5
DA:24,6
DA:25,1
DA:26,1
DA:27,0
DA:30,6
LF:20
LH:17
BRF:0
BRH:0
end_of_record
TN:
SF:C:\Users\ferma\Dropbox\My PC (LAPTOP-OQG2DRPV)\Desktop\Tech4You-backend\api\src\services\client.js
FN:3,(anonymous_0)
FN:4,(anonymous_1)
FN:8,(anonymous_2)
FN:12,(anonymous_3)
FN:29,(anonymous_4)
FN:42,(anonymous_5)
FNF:6
FNH:6
FNDA:6,(anonymous_0)
FNDA:10,(anonymous_1)
FNDA:1,(anonymous_2)
FNDA:11,(anonymous_3)
FNDA:7,(anonymous_4)
FNDA:1,(anonymous_5)
DA:1,6
DA:3,6
DA:4,6
DA:5,10
DA:8,6
DA:9,1
DA:12,6
DA:13,11
DA:14,10
DA:15,9
DA:16,8
DA:17,7
DA:18,6
DA:20,5
DA:21,5
DA:23,4
DA:24,4
DA:26,3
DA:29,6
DA:30,7
DA:31,6
DA:32,5
DA:33,4
DA:34,3
DA:35,2
DA:37,1
DA:42,6
DA:43,1
DA:48,6
LF:29
LH:29
BRDA:4,0,0,1
BRDA:8,1,0,0
BRDA:13,2,0,1
BRDA:13,2,1,10
BRDA:14,3,0,1
BRDA:14,3,1,9
BRDA:15,4,0,1
BRDA:15,4,1,8
BRDA:16,5,0,1
BRDA:16,5,1,7
BRDA:17,6,0,1
BRDA:17,6,1,6
BRDA:18,7,0,1
BRDA:18,7,1,5
BRDA:21,8,0,1
BRDA:21,8,1,4
BRDA:21,9,0,5
BRDA:21,9,1,5
BRDA:24,10,0,1
BRDA:24,10,1,3
BRDA:24,11,0,4
BRDA:24,11,1,4
BRDA:30,12,0,1
BRDA:30,12,1,6
BRDA:31,13,0,1
BRDA:31,13,1,5
BRDA:32,14,0,1
BRDA:32,14,1,4
BRDA:33,15,0,1
BRDA:33,15,1,3
BRDA:34,16,0,1
BRDA:34,16,1,2
BRDA:35,17,0,1
BRDA:35,17,1,1
BRF:34
BRH:33
end_of_record
TN:
SF:C:\Users\ferma\Dropbox\My PC (LAPTOP-OQG2DRPV)\Desktop\Tech4You-backend\api\src\services\equipment.js
FN:3,(anonymous_0)
FN:4,(anonymous_1)
FN:8,(anonymous_2)
FN:12,(anonymous_3)
FN:27,(anonymous_4)
FN:41,(anonymous_5)
FNF:6
FNH:6
FNDA:6,(anonymous_0)
FNDA:1,(anonymous_1)
FNDA:4,(anonymous_2)
FNDA:10,(anonymous_3)
FNDA:8,(anonymous_4)
FNDA:1,(anonymous_5)
DA:1,6
DA:3,6
DA:4,6
DA:5,1
DA:8,6
DA:9,4
DA:12,6
DA:13,10
DA:14,9
DA:15,8
DA:16,7
DA:17,6
DA:18,5
DA:19,4
DA:21,3
DA:22,3
DA:24,2
DA:27,6
DA:28,8
DA:29,7
DA:30,6
DA:31,5
DA:32,4
DA:33,3
DA:34,2
DA:36,1
DA:41,6
DA:42,1
DA:47,6
LF:29
LH:29
BRDA:4,0,0,1
BRDA:8,1,0,0
BRDA:13,2,0,1
BRDA:13,2,1,9
BRDA:14,3,0,1
BRDA:14,3,1,8
BRDA:15,4,0,1
BRDA:15,4,1,7
BRDA:16,5,0,1
BRDA:16,5,1,6
BRDA:17,6,0,1
BRDA:17,6,1,5
BRDA:18,7,0,1
BRDA:18,7,1,4
BRDA:19,8,0,1
BRDA:19,8,1,3
BRDA:19,9,0,4
BRDA:19,9,1,4
BRDA:19,9,2,1
BRDA:19,9,3,1
BRDA:19,9,4,1
BRDA:19,9,5,1
BRDA:19,9,6,1
BRDA:22,10,0,1
BRDA:22,10,1,2
BRDA:28,11,0,1
BRDA:28,11,1,7
BRDA:29,12,0,1
BRDA:29,12,1,6
BRDA:30,13,0,1
BRDA:30,13,1,5
BRDA:31,14,0,1
BRDA:31,14,1,4
BRDA:32,15,0,1
BRDA:32,15,1,3
BRDA:33,16,0,1
BRDA:33,16,1,2
BRDA:34,17,0,1
BRDA:34,17,1,1
BRDA:34,18,0,2
BRDA:34,18,1,1
BRDA:34,18,2,1
BRDA:34,18,3,1
BRDA:34,18,4,1
BRDA:34,18,5,1
BRDA:34,18,6,1
BRF:46
BRH:45
end_of_record
TN:
SF:C:\Users\ferma\Dropbox\My PC (LAPTOP-OQG2DRPV)\Desktop\Tech4You-backend\api\src\services\service.js
FN:3,(anonymous_0)
FN:4,(anonymous_1)
FN:8,(anonymous_2)
FN:23,(anonymous_3)
FN:27,(anonymous_4)
FN:44,(anonymous_5)
FNF:6
FNH:6
FNDA:6,(anonymous_0)
FNDA:1,(anonymous_1)
FNDA:11,(anonymous_2)
FNDA:1,(anonymous_3)
FNDA:11,(anonymous_4)
FNDA:1,(anonymous_5)
DA:1,6
DA:3,6
DA:4,6
DA:5,1
DA:8,6
DA:9,11
DA:10,10
DA:11,9
DA:12,8
DA:13,7
DA:14,6
DA:15,5
DA:16,4
DA:17,3
DA:18,2
DA:20,1
DA:23,6
DA:24,1
DA:27,6
DA:28,11
DA:29,10
DA:30,9
DA:31,8
DA:32,7
DA:33,6
DA:34,5
DA:35,4
DA:36,3
DA:37,2
DA:39,1
DA:44,6
DA:45,1
DA:50,6
LF:33
LH:33
BRDA:4,0,0,0
BRDA:9,1,0,1
BRDA:9,1,1,10
BRDA:10,2,0,1
BRDA:10,2,1,9
BRDA:11,3,0,1
BRDA:11,3,1,8
BRDA:12,4,0,1
BRDA:12,4,1,7
BRDA:13,5,0,1
BRDA:13,5,1,6
BRDA:14,6,0,1
BRDA:14,6,1,5
BRDA:15,7,0,1
BRDA:15,7,1,4
BRDA:16,8,0,1
BRDA:16,8,1,3
BRDA:17,9,0,1
BRDA:17,9,1,2
BRDA:18,10,0,1
BRDA:18,10,1,1
BRDA:18,11,0,2
BRDA:18,11,1,2
BRDA:18,11,2,1
BRDA:28,12,0,1
BRDA:28,12,1,10
BRDA:29,13,0,1
BRDA:29,13,1,9
BRDA:30,14,0,1
BRDA:30,14,1,8
BRDA:31,15,0,1
BRDA:31,15,1,7
BRDA:32,16,0,1
BRDA:32,16,1,6
BRDA:33,17,0,1
BRDA:33,17,1,5
BRDA:34,18,0,1
BRDA:34,18,1,4
BRDA:35,19,0,1
BRDA:35,19,1,3
BRDA:36,20,0,1
BRDA:36,20,1,2
BRDA:37,21,0,1
BRDA:37,21,1,1
BRDA:37,22,0,2
BRDA:37,22,1,2
BRDA:37,22,2,1
BRF:47
BRH:46
end_of_record
TN:
SF:C:\Users\ferma\Dropbox\My PC (LAPTOP-OQG2DRPV)\Desktop\Tech4You-backend\api\src\services\technician.js
FN:4,(anonymous_0)
FN:5,(anonymous_1)
FN:9,(anonymous_2)
FN:13,(anonymous_3)
FN:18,(anonymous_4)
FN:33,(anonymous_5)
FN:45,(anonymous_6)
FNF:7
FNH:7
FNDA:6,(anonymous_0)
FNDA:1,(anonymous_1)
FNDA:88,(anonymous_2)
FNDA:9,(anonymous_3)
FNDA:15,(anonymous_4)
FNDA:6,(anonymous_5)
FNDA:1,(anonymous_6)
DA:1,6
DA:2,6
DA:4,6
DA:5,6
DA:6,1
DA:9,6
DA:10,88
DA:13,6
DA:14,9
DA:15,9
DA:18,6
DA:19,15
DA:20,14
DA:21,13
DA:22,12
DA:23,11
DA:25,10
DA:26,10
DA:28,9
DA:29,9
DA:30,9
DA:33,6
DA:34,6
DA:35,5
DA:36,4
DA:37,3
DA:38,2
DA:40,1
DA:45,6
DA:46,1
DA:51,6
LF:31
LH:31
BRDA:5,0,0,1
BRDA:9,1,0,0
BRDA:19,2,0,1
BRDA:19,2,1,14
BRDA:20,3,0,1
BRDA:20,3,1,13
BRDA:21,4,0,1
BRDA:21,4,1,12
BRDA:22,5,0,1
BRDA:22,5,1,11
BRDA:23,6,0,1
BRDA:23,6,1,10
BRDA:26,7,0,1
BRDA:26,7,1,9
BRDA:34,8,0,1
BRDA:34,8,1,5
BRDA:35,9,0,1
BRDA:35,9,1,4
BRDA:36,10,0,1
BRDA:36,10,1,3
BRDA:37,11,0,1
BRDA:37,11,1,2
BRDA:38,12,0,1
BRDA:38,12,1,1
BRF:24
BRH:23
end_of_record
